2026-02-27T14:46:38.906+05:30  INFO 20924 --- [SpringBootRestAPIMySQL] [restartedMain] c.t.SpringBootRestApiMySqlApplication    : Starting SpringBootRestApiMySqlApplication using Java 25.0.1 with PID 20924 (C:\Users\niteesh.x\Desktop\MLA-Niteesh\SpringBootRestAPIMySQL\target\classes started by niteesh.x in C:\Users\niteesh.x\Desktop\MLA-Niteesh\SpringBootRestAPIMySQL)
2026-02-27T14:46:38.909+05:30  INFO 20924 --- [SpringBootRestAPIMySQL] [restartedMain] c.t.SpringBootRestApiMySqlApplication    : No active profile set, falling back to 1 default profile: "default"
2026-02-27T14:46:38.991+05:30  INFO 20924 --- [SpringBootRestAPIMySQL] [restartedMain] .e.DevToolsPropertyDefaultsPostProcessor : Devtools property defaults active! Set 'spring.devtools.add-properties' to 'false' to disable
2026-02-27T14:46:38.995+05:30  INFO 20924 --- [SpringBootRestAPIMySQL] [restartedMain] .e.DevToolsPropertyDefaultsPostProcessor : For additional web related logging consider setting the 'logging.level.web' property to 'DEBUG'
2026-02-27T14:46:40.870+05:30  INFO 20924 --- [SpringBootRestAPIMySQL] [restartedMain] .s.d.r.c.RepositoryConfigurationDelegate : Bootstrapping Spring Data JPA repositories in DEFAULT mode.
2026-02-27T14:46:40.891+05:30  INFO 20924 --- [SpringBootRestAPIMySQL] [restartedMain] .s.d.r.c.RepositoryConfigurationDelegate : Finished Spring Data repository scanning in 11 ms. Found 0 JPA repository interfaces.
2026-02-27T14:46:41.693+05:30  INFO 20924 --- [SpringBootRestAPIMySQL] [restartedMain] o.s.boot.tomcat.TomcatWebServer          : Tomcat initialized with port 7766 (http)
2026-02-27T14:46:41.708+05:30  INFO 20924 --- [SpringBootRestAPIMySQL] [restartedMain] o.apache.catalina.core.StandardService   : Starting service [Tomcat]
2026-02-27T14:46:41.709+05:30  INFO 20924 --- [SpringBootRestAPIMySQL] [restartedMain] o.apache.catalina.core.StandardEngine    : Starting Servlet engine: [Apache Tomcat/11.0.18]
2026-02-27T14:46:41.781+05:30  INFO 20924 --- [SpringBootRestAPIMySQL] [restartedMain] b.w.c.s.WebApplicationContextInitializer : Root WebApplicationContext: initialization completed in 2785 ms
2026-02-27T14:46:42.117+05:30  INFO 20924 --- [SpringBootRestAPIMySQL] [restartedMain] org.hibernate.orm.jpa                    : HHH008540: Processing PersistenceUnitInfo [name: default]
2026-02-27T14:46:42.175+05:30  INFO 20924 --- [SpringBootRestAPIMySQL] [restartedMain] org.hibernate.orm.core                   : HHH000001: Hibernate ORM core version 7.2.4.Final
2026-02-27T14:46:43.260+05:30  INFO 20924 --- [SpringBootRestAPIMySQL] [restartedMain] o.s.o.j.p.SpringPersistenceUnitInfo      : No LoadTimeWeaver setup: ignoring JPA class transformer
2026-02-27T14:46:43.382+05:30  INFO 20924 --- [SpringBootRestAPIMySQL] [restartedMain] com.zaxxer.hikari.HikariDataSource       : HikariPool-1 - Starting...
2026-02-27T14:46:44.431+05:30  INFO 20924 --- [SpringBootRestAPIMySQL] [restartedMain] com.zaxxer.hikari.pool.HikariPool        : HikariPool-1 - Added connection com.mysql.cj.jdbc.ConnectionImpl@4fa70d4d
2026-02-27T14:46:44.432+05:30  INFO 20924 --- [SpringBootRestAPIMySQL] [restartedMain] com.zaxxer.hikari.HikariDataSource       : HikariPool-1 - Start completed.
2026-02-27T14:46:44.585+05:30  WARN 20924 --- [SpringBootRestAPIMySQL] [restartedMain] org.hibernate.orm.deprecation            : HHH90000025: MySQLDialect does not need to be specified explicitly using 'hibernate.dialect' (remove the property setting and it will be selected by default)
2026-02-27T14:46:44.607+05:30  INFO 20924 --- [SpringBootRestAPIMySQL] [restartedMain] org.hibernate.orm.connections.pooling    : HHH10001005: Database info:
	Database JDBC URL [jdbc:mysql://localhost:3306/mlafeb]
	Database driver: MySQL Connector/J
	Database dialect: MySQLDialect
	Database version: 8.0.42
	Default catalog/schema: mlafeb/undefined
	Autocommit mode: undefined/unknown
	Isolation level: REPEATABLE_READ [default REPEATABLE_READ]
	JDBC fetch size: none
	Pool: DataSourceConnectionProvider
	Minimum pool size: undefined/unknown
	Maximum pool size: undefined/unknown
2026-02-27T14:46:45.143+05:30  INFO 20924 --- [SpringBootRestAPIMySQL] [restartedMain] org.hibernate.orm.core                   : HHH000489: No JTA platform available (set 'hibernate.transaction.jta.platform' to enable JTA platform integration)
2026-02-27T14:46:45.152+05:30  INFO 20924 --- [SpringBootRestAPIMySQL] [restartedMain] j.LocalContainerEntityManagerFactoryBean : Initialized JPA EntityManagerFactory for persistence unit 'default'
2026-02-27T14:46:45.300+05:30  WARN 20924 --- [SpringBootRestAPIMySQL] [restartedMain] JpaBaseConfiguration$JpaWebConfiguration : spring.jpa.open-in-view is enabled by default. Therefore, database queries may be performed during view rendering. Explicitly configure spring.jpa.open-in-view to disable this warning
2026-02-27T14:46:46.191+05:30  INFO 20924 --- [SpringBootRestAPIMySQL] [restartedMain] o.s.b.a.e.web.EndpointLinksResolver      : Exposing 13 endpoints beneath base path '/actuator'
2026-02-27T14:46:46.610+05:30  INFO 20924 --- [SpringBootRestAPIMySQL] [restartedMain] o.s.boot.tomcat.TomcatWebServer          : Tomcat started on port 7766 (http) with context path '/'
2026-02-27T14:46:46.626+05:30  INFO 20924 --- [SpringBootRestAPIMySQL] [restartedMain] c.t.SpringBootRestApiMySqlApplication    : Started SpringBootRestApiMySqlApplication in 8.605 seconds (process running for 10.193)
2026-02-27T14:46:46.633+05:30  WARN 20924 --- [SpringBootRestAPIMySQL] [restartedMain] o.s.core.events.SpringDocAppInitializer  : SpringDoc /v3/api-docs endpoint is enabled by default. To disable it in production, set the property 'springdoc.api-docs.enabled=false'
2026-02-27T14:46:46.634+05:30  WARN 20924 --- [SpringBootRestAPIMySQL] [restartedMain] o.s.core.events.SpringDocAppInitializer  : SpringDoc /swagger-ui.html endpoint is enabled by default. To disable it in production, set the property 'springdoc.swagger-ui.enabled=false'
2026-02-27T14:46:47.400+05:30  INFO 20924 --- [SpringBootRestAPIMySQL] [RMI TCP Connection(4)-127.0.0.1] o.a.c.c.C.[Tomcat].[localhost].[/]       : Initializing Spring DispatcherServlet 'dispatcherServlet'
2026-02-27T14:46:47.401+05:30  INFO 20924 --- [SpringBootRestAPIMySQL] [RMI TCP Connection(4)-127.0.0.1] o.s.web.servlet.DispatcherServlet        : Initializing Servlet 'dispatcherServlet'
2026-02-27T14:46:47.403+05:30  INFO 20924 --- [SpringBootRestAPIMySQL] [RMI TCP Connection(4)-127.0.0.1] o.s.web.servlet.DispatcherServlet        : Completed initialization in 1 ms
2026-02-27T14:50:26.579+05:30  INFO 20924 --- [SpringBootRestAPIMySQL] [File Watcher] rtingClassPathChangeChangedEventListener : Restarting due to 1 class path change (1 addition, 0 deletions, 0 modifications)
2026-02-27T14:50:26.586+05:30  INFO 20924 --- [SpringBootRestAPIMySQL] [Thread-1] o.s.boot.tomcat.GracefulShutdown         : Commencing graceful shutdown. Waiting for active requests to complete
2026-02-27T14:50:26.591+05:30  INFO 20924 --- [SpringBootRestAPIMySQL] [tomcat-shutdown] o.s.boot.tomcat.GracefulShutdown         : Graceful shutdown complete
2026-02-27T14:50:26.600+05:30  INFO 20924 --- [SpringBootRestAPIMySQL] [Thread-1] j.LocalContainerEntityManagerFactoryBean : Closing JPA EntityManagerFactory for persistence unit 'default'
2026-02-27T14:50:26.604+05:30  INFO 20924 --- [SpringBootRestAPIMySQL] [Thread-1] com.zaxxer.hikari.HikariDataSource       : HikariPool-1 - Shutdown initiated...
2026-02-27T14:50:26.643+05:30  INFO 20924 --- [SpringBootRestAPIMySQL] [Thread-1] com.zaxxer.hikari.HikariDataSource       : HikariPool-1 - Shutdown completed.
2026-02-27T14:50:26.991+05:30  INFO 20924 --- [SpringBootRestAPIMySQL] [restartedMain] c.t.SpringBootRestApiMySqlApplication    : Starting SpringBootRestApiMySqlApplication using Java 25.0.1 with PID 20924 (C:\Users\niteesh.x\Desktop\MLA-Niteesh\SpringBootRestAPIMySQL\target\classes started by niteesh.x in C:\Users\niteesh.x\Desktop\MLA-Niteesh\SpringBootRestAPIMySQL)
2026-02-27T14:50:26.991+05:30  INFO 20924 --- [SpringBootRestAPIMySQL] [restartedMain] c.t.SpringBootRestApiMySqlApplication    : No active profile set, falling back to 1 default profile: "default"
2026-02-27T14:50:27.822+05:30  INFO 20924 --- [SpringBootRestAPIMySQL] [restartedMain] .s.d.r.c.RepositoryConfigurationDelegate : Bootstrapping Spring Data JPA repositories in DEFAULT mode.
2026-02-27T14:50:27.843+05:30  INFO 20924 --- [SpringBootRestAPIMySQL] [restartedMain] .s.d.r.c.RepositoryConfigurationDelegate : Finished Spring Data repository scanning in 18 ms. Found 0 JPA repository interfaces.
2026-02-27T14:50:28.112+05:30  INFO 20924 --- [SpringBootRestAPIMySQL] [restartedMain] o.s.boot.tomcat.TomcatWebServer          : Tomcat initialized with port 7766 (http)
2026-02-27T14:50:28.113+05:30  INFO 20924 --- [SpringBootRestAPIMySQL] [restartedMain] o.apache.catalina.core.StandardService   : Starting service [Tomcat]
2026-02-27T14:50:28.114+05:30  INFO 20924 --- [SpringBootRestAPIMySQL] [restartedMain] o.apache.catalina.core.StandardEngine    : Starting Servlet engine: [Apache Tomcat/11.0.18]
2026-02-27T14:50:28.222+05:30  INFO 20924 --- [SpringBootRestAPIMySQL] [restartedMain] b.w.c.s.WebApplicationContextInitializer : Root WebApplicationContext: initialization completed in 1195 ms
2026-02-27T14:50:28.304+05:30  INFO 20924 --- [SpringBootRestAPIMySQL] [restartedMain] org.hibernate.orm.jpa                    : HHH008540: Processing PersistenceUnitInfo [name: default]
2026-02-27T14:50:28.376+05:30  INFO 20924 --- [SpringBootRestAPIMySQL] [restartedMain] o.s.o.j.p.SpringPersistenceUnitInfo      : No LoadTimeWeaver setup: ignoring JPA class transformer
2026-02-27T14:50:28.418+05:30  INFO 20924 --- [SpringBootRestAPIMySQL] [restartedMain] com.zaxxer.hikari.HikariDataSource       : HikariPool-2 - Starting...
2026-02-27T14:50:28.502+05:30  INFO 20924 --- [SpringBootRestAPIMySQL] [restartedMain] com.zaxxer.hikari.pool.HikariPool        : HikariPool-2 - Added connection com.mysql.cj.jdbc.ConnectionImpl@48f8e844
2026-02-27T14:50:28.502+05:30  INFO 20924 --- [SpringBootRestAPIMySQL] [restartedMain] com.zaxxer.hikari.HikariDataSource       : HikariPool-2 - Start completed.
2026-02-27T14:50:28.504+05:30  WARN 20924 --- [SpringBootRestAPIMySQL] [restartedMain] org.hibernate.orm.deprecation            : HHH90000025: MySQLDialect does not need to be specified explicitly using 'hibernate.dialect' (remove the property setting and it will be selected by default)
2026-02-27T14:50:28.506+05:30  INFO 20924 --- [SpringBootRestAPIMySQL] [restartedMain] org.hibernate.orm.connections.pooling    : HHH10001005: Database info:
	Database JDBC URL [jdbc:mysql://localhost:3306/mlafeb]
	Database driver: MySQL Connector/J
	Database dialect: MySQLDialect
	Database version: 8.0.42
	Default catalog/schema: mlafeb/undefined
	Autocommit mode: undefined/unknown
	Isolation level: REPEATABLE_READ [default REPEATABLE_READ]
	JDBC fetch size: none
	Pool: DataSourceConnectionProvider
	Minimum pool size: undefined/unknown
	Maximum pool size: undefined/unknown
2026-02-27T14:50:28.536+05:30  INFO 20924 --- [SpringBootRestAPIMySQL] [restartedMain] org.hibernate.orm.core                   : HHH000489: No JTA platform available (set 'hibernate.transaction.jta.platform' to enable JTA platform integration)
2026-02-27T14:50:28.539+05:30  INFO 20924 --- [SpringBootRestAPIMySQL] [restartedMain] j.LocalContainerEntityManagerFactoryBean : Initialized JPA EntityManagerFactory for persistence unit 'default'
2026-02-27T14:50:28.972+05:30  WARN 20924 --- [SpringBootRestAPIMySQL] [restartedMain] JpaBaseConfiguration$JpaWebConfiguration : spring.jpa.open-in-view is enabled by default. Therefore, database queries may be performed during view rendering. Explicitly configure spring.jpa.open-in-view to disable this warning
2026-02-27T14:50:29.525+05:30  INFO 20924 --- [SpringBootRestAPIMySQL] [restartedMain] o.s.b.a.e.web.EndpointLinksResolver      : Exposing 13 endpoints beneath base path '/actuator'
2026-02-27T14:50:29.604+05:30  INFO 20924 --- [SpringBootRestAPIMySQL] [restartedMain] o.s.boot.tomcat.TomcatWebServer          : Tomcat started on port 7766 (http) with context path '/'
2026-02-27T14:50:29.611+05:30  INFO 20924 --- [SpringBootRestAPIMySQL] [restartedMain] c.t.SpringBootRestApiMySqlApplication    : Started SpringBootRestApiMySqlApplication in 2.687 seconds (process running for 233.175)
2026-02-27T14:50:29.616+05:30  WARN 20924 --- [SpringBootRestAPIMySQL] [restartedMain] o.s.core.events.SpringDocAppInitializer  : SpringDoc /v3/api-docs endpoint is enabled by default. To disable it in production, set the property 'springdoc.api-docs.enabled=false'
2026-02-27T14:50:29.616+05:30  WARN 20924 --- [SpringBootRestAPIMySQL] [restartedMain] o.s.core.events.SpringDocAppInitializer  : SpringDoc /swagger-ui.html endpoint is enabled by default. To disable it in production, set the property 'springdoc.swagger-ui.enabled=false'
2026-02-27T14:50:29.622+05:30  INFO 20924 --- [SpringBootRestAPIMySQL] [restartedMain] .ConditionEvaluationDeltaLoggingListener : Condition evaluation unchanged
2026-02-27T14:51:32.632+05:30  INFO 20924 --- [SpringBootRestAPIMySQL] [http-nio-7766-exec-1] o.a.c.c.C.[Tomcat].[localhost].[/]       : Initializing Spring DispatcherServlet 'dispatcherServlet'
2026-02-27T14:51:32.632+05:30  INFO 20924 --- [SpringBootRestAPIMySQL] [http-nio-7766-exec-1] o.s.web.servlet.DispatcherServlet        : Initializing Servlet 'dispatcherServlet'
2026-02-27T14:51:32.634+05:30  INFO 20924 --- [SpringBootRestAPIMySQL] [http-nio-7766-exec-1] o.s.web.servlet.DispatcherServlet        : Completed initialization in 2 ms
2026-02-27T14:51:55.621+05:30  INFO 20924 --- [SpringBootRestAPIMySQL] [http-nio-7766-exec-1] o.springdoc.api.AbstractOpenApiResource  : Init duration for springdoc-openapi is: 231 ms
2026-02-27T14:54:00.998+05:30  INFO 20924 --- [SpringBootRestAPIMySQL] [File Watcher] rtingClassPathChangeChangedEventListener : Restarting due to 1 class path change (1 addition, 0 deletions, 0 modifications)
2026-02-27T14:54:01.009+05:30  INFO 20924 --- [SpringBootRestAPIMySQL] [Thread-5] o.s.boot.tomcat.GracefulShutdown         : Commencing graceful shutdown. Waiting for active requests to complete
2026-02-27T14:54:01.015+05:30  INFO 20924 --- [SpringBootRestAPIMySQL] [tomcat-shutdown] o.s.boot.tomcat.GracefulShutdown         : Graceful shutdown complete
2026-02-27T14:54:01.019+05:30  INFO 20924 --- [SpringBootRestAPIMySQL] [Thread-5] j.LocalContainerEntityManagerFactoryBean : Closing JPA EntityManagerFactory for persistence unit 'default'
2026-02-27T14:54:01.020+05:30  INFO 20924 --- [SpringBootRestAPIMySQL] [Thread-5] com.zaxxer.hikari.HikariDataSource       : HikariPool-2 - Shutdown initiated...
2026-02-27T14:54:01.031+05:30  INFO 20924 --- [SpringBootRestAPIMySQL] [Thread-5] com.zaxxer.hikari.HikariDataSource       : HikariPool-2 - Shutdown completed.
2026-02-27T14:54:01.261+05:30  INFO 20924 --- [SpringBootRestAPIMySQL] [restartedMain] c.t.SpringBootRestApiMySqlApplication    : Starting SpringBootRestApiMySqlApplication using Java 25.0.1 with PID 20924 (C:\Users\niteesh.x\Desktop\MLA-Niteesh\SpringBootRestAPIMySQL\target\classes started by niteesh.x in C:\Users\niteesh.x\Desktop\MLA-Niteesh\SpringBootRestAPIMySQL)
2026-02-27T14:54:01.263+05:30  INFO 20924 --- [SpringBootRestAPIMySQL] [restartedMain] c.t.SpringBootRestApiMySqlApplication    : No active profile set, falling back to 1 default profile: "default"
2026-02-27T14:54:01.794+05:30  INFO 20924 --- [SpringBootRestAPIMySQL] [restartedMain] .s.d.r.c.RepositoryConfigurationDelegate : Bootstrapping Spring Data JPA repositories in DEFAULT mode.
2026-02-27T14:54:01.810+05:30  INFO 20924 --- [SpringBootRestAPIMySQL] [restartedMain] .s.d.r.c.RepositoryConfigurationDelegate : Finished Spring Data repository scanning in 5 ms. Found 0 JPA repository interfaces.
2026-02-27T14:54:02.016+05:30  INFO 20924 --- [SpringBootRestAPIMySQL] [restartedMain] o.s.boot.tomcat.TomcatWebServer          : Tomcat initialized with port 7766 (http)
2026-02-27T14:54:02.018+05:30  INFO 20924 --- [SpringBootRestAPIMySQL] [restartedMain] o.apache.catalina.core.StandardService   : Starting service [Tomcat]
2026-02-27T14:54:02.020+05:30  INFO 20924 --- [SpringBootRestAPIMySQL] [restartedMain] o.apache.catalina.core.StandardEngine    : Starting Servlet engine: [Apache Tomcat/11.0.18]
2026-02-27T14:54:02.061+05:30  INFO 20924 --- [SpringBootRestAPIMySQL] [restartedMain] b.w.c.s.WebApplicationContextInitializer : Root WebApplicationContext: initialization completed in 794 ms
2026-02-27T14:54:02.124+05:30  INFO 20924 --- [SpringBootRestAPIMySQL] [restartedMain] org.hibernate.orm.jpa                    : HHH008540: Processing PersistenceUnitInfo [name: default]
2026-02-27T14:54:02.160+05:30  INFO 20924 --- [SpringBootRestAPIMySQL] [restartedMain] o.s.o.j.p.SpringPersistenceUnitInfo      : No LoadTimeWeaver setup: ignoring JPA class transformer
2026-02-27T14:54:02.162+05:30  INFO 20924 --- [SpringBootRestAPIMySQL] [restartedMain] com.zaxxer.hikari.HikariDataSource       : HikariPool-3 - Starting...
2026-02-27T14:54:02.263+05:30  INFO 20924 --- [SpringBootRestAPIMySQL] [restartedMain] com.zaxxer.hikari.pool.HikariPool        : HikariPool-3 - Added connection com.mysql.cj.jdbc.ConnectionImpl@23718d5e
2026-02-27T14:54:02.264+05:30  INFO 20924 --- [SpringBootRestAPIMySQL] [restartedMain] com.zaxxer.hikari.HikariDataSource       : HikariPool-3 - Start completed.
2026-02-27T14:54:02.267+05:30  WARN 20924 --- [SpringBootRestAPIMySQL] [restartedMain] org.hibernate.orm.deprecation            : HHH90000025: MySQLDialect does not need to be specified explicitly using 'hibernate.dialect' (remove the property setting and it will be selected by default)
2026-02-27T14:54:02.269+05:30  INFO 20924 --- [SpringBootRestAPIMySQL] [restartedMain] org.hibernate.orm.connections.pooling    : HHH10001005: Database info:
	Database JDBC URL [jdbc:mysql://localhost:3306/mlafeb]
	Database driver: MySQL Connector/J
	Database dialect: MySQLDialect
	Database version: 8.0.42
	Default catalog/schema: mlafeb/undefined
	Autocommit mode: undefined/unknown
	Isolation level: REPEATABLE_READ [default REPEATABLE_READ]
	JDBC fetch size: none
	Pool: DataSourceConnectionProvider
	Minimum pool size: undefined/unknown
	Maximum pool size: undefined/unknown
2026-02-27T14:54:02.308+05:30  INFO 20924 --- [SpringBootRestAPIMySQL] [restartedMain] org.hibernate.orm.core                   : HHH000489: No JTA platform available (set 'hibernate.transaction.jta.platform' to enable JTA platform integration)
2026-02-27T14:54:02.310+05:30  INFO 20924 --- [SpringBootRestAPIMySQL] [restartedMain] j.LocalContainerEntityManagerFactoryBean : Initialized JPA EntityManagerFactory for persistence unit 'default'
2026-02-27T14:54:02.369+05:30  WARN 20924 --- [SpringBootRestAPIMySQL] [restartedMain] JpaBaseConfiguration$JpaWebConfiguration : spring.jpa.open-in-view is enabled by default. Therefore, database queries may be performed during view rendering. Explicitly configure spring.jpa.open-in-view to disable this warning
2026-02-27T14:54:02.697+05:30  INFO 20924 --- [SpringBootRestAPIMySQL] [restartedMain] o.s.b.a.e.web.EndpointLinksResolver      : Exposing 13 endpoints beneath base path '/actuator'
2026-02-27T14:54:02.728+05:30  INFO 20924 --- [SpringBootRestAPIMySQL] [restartedMain] o.s.boot.tomcat.TomcatWebServer          : Tomcat started on port 7766 (http) with context path '/'
2026-02-27T14:54:02.739+05:30  INFO 20924 --- [SpringBootRestAPIMySQL] [restartedMain] c.t.SpringBootRestApiMySqlApplication    : Started SpringBootRestApiMySqlApplication in 1.56 seconds (process running for 446.301)
2026-02-27T14:54:02.743+05:30  WARN 20924 --- [SpringBootRestAPIMySQL] [restartedMain] o.s.core.events.SpringDocAppInitializer  : SpringDoc /v3/api-docs endpoint is enabled by default. To disable it in production, set the property 'springdoc.api-docs.enabled=false'
2026-02-27T14:54:02.743+05:30  WARN 20924 --- [SpringBootRestAPIMySQL] [restartedMain] o.s.core.events.SpringDocAppInitializer  : SpringDoc /swagger-ui.html endpoint is enabled by default. To disable it in production, set the property 'springdoc.swagger-ui.enabled=false'
2026-02-27T14:54:02.744+05:30  INFO 20924 --- [SpringBootRestAPIMySQL] [restartedMain] .ConditionEvaluationDeltaLoggingListener : Condition evaluation unchanged
2026-02-27T14:54:04.175+05:30  INFO 20924 --- [SpringBootRestAPIMySQL] [RMI TCP Connection(14)-127.0.0.1] inMXBeanRegistrar$SpringApplicationAdmin : Application shutdown requested.
2026-02-27T14:54:04.183+05:30  INFO 20924 --- [SpringBootRestAPIMySQL] [RMI TCP Connection(14)-127.0.0.1] o.s.boot.tomcat.GracefulShutdown         : Commencing graceful shutdown. Waiting for active requests to complete
2026-02-27T14:54:04.191+05:30  INFO 20924 --- [SpringBootRestAPIMySQL] [tomcat-shutdown] o.s.boot.tomcat.GracefulShutdown         : Graceful shutdown complete
2026-02-27T14:54:04.196+05:30  INFO 20924 --- [SpringBootRestAPIMySQL] [RMI TCP Connection(14)-127.0.0.1] j.LocalContainerEntityManagerFactoryBean : Closing JPA EntityManagerFactory for persistence unit 'default'
2026-02-27T14:54:04.200+05:30  INFO 20924 --- [SpringBootRestAPIMySQL] [RMI TCP Connection(14)-127.0.0.1] com.zaxxer.hikari.HikariDataSource       : HikariPool-3 - Shutdown initiated...
2026-02-27T14:54:04.207+05:30  INFO 20924 --- [SpringBootRestAPIMySQL] [RMI TCP Connection(14)-127.0.0.1] com.zaxxer.hikari.HikariDataSource       : HikariPool-3 - Shutdown completed.
2026-02-27T15:48:07.848+05:30  INFO 17532 --- [SpringBootRestAPIMySQL] [restartedMain] c.t.SpringBootRestApiMySqlApplication    : Starting SpringBootRestApiMySqlApplication using Java 25.0.1 with PID 17532 (C:\Users\niteesh.x\Desktop\MLA-Niteesh\SpringBootRestAPIMySQL\target\classes started by niteesh.x in C:\Users\niteesh.x\Desktop\MLA-Niteesh\SpringBootRestAPIMySQL)
2026-02-27T15:48:07.851+05:30  INFO 17532 --- [SpringBootRestAPIMySQL] [restartedMain] c.t.SpringBootRestApiMySqlApplication    : No active profile set, falling back to 1 default profile: "default"
2026-02-27T15:48:07.914+05:30  INFO 17532 --- [SpringBootRestAPIMySQL] [restartedMain] .e.DevToolsPropertyDefaultsPostProcessor : Devtools property defaults active! Set 'spring.devtools.add-properties' to 'false' to disable
2026-02-27T15:48:07.915+05:30  INFO 17532 --- [SpringBootRestAPIMySQL] [restartedMain] .e.DevToolsPropertyDefaultsPostProcessor : For additional web related logging consider setting the 'logging.level.web' property to 'DEBUG'
2026-02-27T15:48:09.112+05:30  INFO 17532 --- [SpringBootRestAPIMySQL] [restartedMain] .s.d.r.c.RepositoryConfigurationDelegate : Bootstrapping Spring Data JPA repositories in DEFAULT mode.
2026-02-27T15:48:09.237+05:30  INFO 17532 --- [SpringBootRestAPIMySQL] [restartedMain] .s.d.r.c.RepositoryConfigurationDelegate : Finished Spring Data repository scanning in 99 ms. Found 1 JPA repository interface.
2026-02-27T15:48:09.871+05:30  INFO 17532 --- [SpringBootRestAPIMySQL] [restartedMain] o.s.boot.tomcat.TomcatWebServer          : Tomcat initialized with port 7766 (http)
2026-02-27T15:48:09.887+05:30  INFO 17532 --- [SpringBootRestAPIMySQL] [restartedMain] o.apache.catalina.core.StandardService   : Starting service [Tomcat]
2026-02-27T15:48:09.890+05:30  INFO 17532 --- [SpringBootRestAPIMySQL] [restartedMain] o.apache.catalina.core.StandardEngine    : Starting Servlet engine: [Apache Tomcat/11.0.18]
2026-02-27T15:48:10.045+05:30  INFO 17532 --- [SpringBootRestAPIMySQL] [restartedMain] b.w.c.s.WebApplicationContextInitializer : Root WebApplicationContext: initialization completed in 2130 ms
2026-02-27T15:48:10.749+05:30  INFO 17532 --- [SpringBootRestAPIMySQL] [restartedMain] org.hibernate.orm.jpa                    : HHH008540: Processing PersistenceUnitInfo [name: default]
2026-02-27T15:48:10.893+05:30  INFO 17532 --- [SpringBootRestAPIMySQL] [restartedMain] org.hibernate.orm.core                   : HHH000001: Hibernate ORM core version 7.2.4.Final
2026-02-27T15:48:12.058+05:30  INFO 17532 --- [SpringBootRestAPIMySQL] [restartedMain] o.s.o.j.p.SpringPersistenceUnitInfo      : No LoadTimeWeaver setup: ignoring JPA class transformer
2026-02-27T15:48:12.131+05:30  INFO 17532 --- [SpringBootRestAPIMySQL] [restartedMain] com.zaxxer.hikari.HikariDataSource       : HikariPool-1 - Starting...
2026-02-27T15:48:13.688+05:30  WARN 17532 --- [SpringBootRestAPIMySQL] [restartedMain] org.hibernate.orm.jdbc.error             : HHH000247: ErrorCode: 1049, SQLState: 42000
2026-02-27T15:48:13.689+05:30  WARN 17532 --- [SpringBootRestAPIMySQL] [restartedMain] org.hibernate.orm.jdbc.error             : Unknown database 'febmla'
2026-02-27T15:48:13.768+05:30  WARN 17532 --- [SpringBootRestAPIMySQL] [restartedMain] org.hibernate.orm.jdbc                   : HHH100046: Could not obtain connection to query JDBC database metadata

org.hibernate.exception.SQLGrammarException: Unable to obtain isolated JDBC connection [Unknown database 'febmla'] [n/a]
	at org.hibernate.exception.internal.SQLStateConversionDelegate.convert(SQLStateConversionDelegate.java:63) ~[hibernate-core-7.2.4.Final.jar:7.2.4.Final]
	at org.hibernate.exception.internal.StandardSQLExceptionConverter.convert(StandardSQLExceptionConverter.java:34) ~[hibernate-core-7.2.4.Final.jar:7.2.4.Final]
	at org.hibernate.engine.jdbc.spi.SqlExceptionHelper.convert(SqlExceptionHelper.java:115) ~[hibernate-core-7.2.4.Final.jar:7.2.4.Final]
	at org.hibernate.engine.jdbc.spi.SqlExceptionHelper.convert(SqlExceptionHelper.java:101) ~[hibernate-core-7.2.4.Final.jar:7.2.4.Final]
	at org.hibernate.resource.transaction.backend.jdbc.internal.JdbcIsolationDelegate.delegateWork(JdbcIsolationDelegate.java:51) ~[hibernate-core-7.2.4.Final.jar:7.2.4.Final]
	at org.hibernate.engine.jdbc.env.internal.JdbcEnvironmentInitiator.getJdbcEnvironmentUsingJdbcMetadata(JdbcEnvironmentInitiator.java:366) ~[hibernate-core-7.2.4.Final.jar:7.2.4.Final]
	at org.hibernate.engine.jdbc.env.internal.JdbcEnvironmentInitiator.getJdbcEnvironment(JdbcEnvironmentInitiator.java:143) ~[hibernate-core-7.2.4.Final.jar:7.2.4.Final]
	at org.hibernate.engine.jdbc.env.internal.JdbcEnvironmentInitiator.initiateService(JdbcEnvironmentInitiator.java:120) ~[hibernate-core-7.2.4.Final.jar:7.2.4.Final]
	at org.hibernate.engine.jdbc.env.internal.JdbcEnvironmentInitiator.initiateService(JdbcEnvironmentInitiator.java:80) ~[hibernate-core-7.2.4.Final.jar:7.2.4.Final]
	at org.hibernate.boot.registry.internal.StandardServiceRegistryImpl.initiateService(StandardServiceRegistryImpl.java:133) ~[hibernate-core-7.2.4.Final.jar:7.2.4.Final]
	at org.hibernate.service.internal.AbstractServiceRegistryImpl.createService(AbstractServiceRegistryImpl.java:260) ~[hibernate-core-7.2.4.Final.jar:7.2.4.Final]
	at org.hibernate.service.internal.AbstractServiceRegistryImpl.initializeService(AbstractServiceRegistryImpl.java:235) ~[hibernate-core-7.2.4.Final.jar:7.2.4.Final]
	at org.hibernate.service.internal.AbstractServiceRegistryImpl.getService(AbstractServiceRegistryImpl.java:212) ~[hibernate-core-7.2.4.Final.jar:7.2.4.Final]
	at org.hibernate.boot.model.relational.Database.<init>(Database.java:44) ~[hibernate-core-7.2.4.Final.jar:7.2.4.Final]
	at org.hibernate.boot.internal.InFlightMetadataCollectorImpl.getDatabase(InFlightMetadataCollectorImpl.java:251) ~[hibernate-core-7.2.4.Final.jar:7.2.4.Final]
	at org.hibernate.boot.internal.InFlightMetadataCollectorImpl.<init>(InFlightMetadataCollectorImpl.java:203) ~[hibernate-core-7.2.4.Final.jar:7.2.4.Final]
	at org.hibernate.boot.model.process.spi.MetadataBuildingProcess.complete(MetadataBuildingProcess.java:170) ~[hibernate-core-7.2.4.Final.jar:7.2.4.Final]
	at org.hibernate.jpa.boot.internal.EntityManagerFactoryBuilderImpl.metadata(EntityManagerFactoryBuilderImpl.java:1392) ~[hibernate-core-7.2.4.Final.jar:7.2.4.Final]
	at org.hibernate.jpa.boot.internal.EntityManagerFactoryBuilderImpl.populateSessionFactoryBuilder(EntityManagerFactoryBuilderImpl.java:1472) ~[hibernate-core-7.2.4.Final.jar:7.2.4.Final]
	at org.hibernate.jpa.boot.internal.EntityManagerFactoryBuilderImpl.build(EntityManagerFactoryBuilderImpl.java:1454) ~[hibernate-core-7.2.4.Final.jar:7.2.4.Final]
	at org.springframework.orm.jpa.vendor.SpringHibernateJpaPersistenceProvider.createContainerEntityManagerFactory(SpringHibernateJpaPersistenceProvider.java:93) ~[spring-orm-7.0.5.jar:7.0.5]
	at org.springframework.orm.jpa.LocalContainerEntityManagerFactoryBean.createNativeEntityManagerFactory(LocalContainerEntityManagerFactoryBean.java:443) ~[spring-orm-7.0.5.jar:7.0.5]
	at org.springframework.orm.jpa.AbstractEntityManagerFactoryBean.buildNativeEntityManagerFactory(AbstractEntityManagerFactoryBean.java:436) ~[spring-orm-7.0.5.jar:7.0.5]
	at org.springframework.orm.jpa.AbstractEntityManagerFactoryBean.afterPropertiesSet(AbstractEntityManagerFactoryBean.java:411) ~[spring-orm-7.0.5.jar:7.0.5]
	at org.springframework.orm.jpa.LocalContainerEntityManagerFactoryBean.afterPropertiesSet(LocalContainerEntityManagerFactoryBean.java:419) ~[spring-orm-7.0.5.jar:7.0.5]
	at org.springframework.beans.factory.support.AbstractAutowireCapableBeanFactory.invokeInitMethods(AbstractAutowireCapableBeanFactory.java:1864) ~[spring-beans-7.0.5.jar:7.0.5]
	at org.springframework.beans.factory.support.AbstractAutowireCapableBeanFactory.initializeBean(AbstractAutowireCapableBeanFactory.java:1813) ~[spring-beans-7.0.5.jar:7.0.5]
	at org.springframework.beans.factory.support.AbstractAutowireCapableBeanFactory.doCreateBean(AbstractAutowireCapableBeanFactory.java:603) ~[spring-beans-7.0.5.jar:7.0.5]
	at org.springframework.beans.factory.support.AbstractAutowireCapableBeanFactory.createBean(AbstractAutowireCapableBeanFactory.java:525) ~[spring-beans-7.0.5.jar:7.0.5]
	at org.springframework.beans.factory.support.AbstractBeanFactory.lambda$doGetBean$0(AbstractBeanFactory.java:333) ~[spring-beans-7.0.5.jar:7.0.5]
	at org.springframework.beans.factory.support.DefaultSingletonBeanRegistry.getSingleton(DefaultSingletonBeanRegistry.java:371) ~[spring-beans-7.0.5.jar:7.0.5]
	at org.springframework.beans.factory.support.AbstractBeanFactory.doGetBean(AbstractBeanFactory.java:331) ~[spring-beans-7.0.5.jar:7.0.5]
	at org.springframework.beans.factory.support.AbstractBeanFactory.getBean(AbstractBeanFactory.java:201) ~[spring-beans-7.0.5.jar:7.0.5]
	at org.springframework.context.support.AbstractApplicationContext.finishBeanFactoryInitialization(AbstractApplicationContext.java:977) ~[spring-context-7.0.5.jar:7.0.5]
	at org.springframework.context.support.AbstractApplicationContext.refresh(AbstractApplicationContext.java:621) ~[spring-context-7.0.5.jar:7.0.5]
	at org.springframework.boot.web.server.servlet.context.ServletWebServerApplicationContext.refresh(ServletWebServerApplicationContext.java:143) ~[spring-boot-web-server-4.0.3.jar:4.0.3]
	at org.springframework.boot.SpringApplication.refresh(SpringApplication.java:756) ~[spring-boot-4.0.3.jar:4.0.3]
	at org.springframework.boot.SpringApplication.refreshContext(SpringApplication.java:445) ~[spring-boot-4.0.3.jar:4.0.3]
	at org.springframework.boot.SpringApplication.run(SpringApplication.java:321) ~[spring-boot-4.0.3.jar:4.0.3]
	at org.springframework.boot.SpringApplication.run(SpringApplication.java:1365) ~[spring-boot-4.0.3.jar:4.0.3]
	at org.springframework.boot.SpringApplication.run(SpringApplication.java:1354) ~[spring-boot-4.0.3.jar:4.0.3]
	at com.test.SpringBootRestApiMySqlApplication.main(SpringBootRestApiMySqlApplication.java:10) ~[classes/:na]
	at java.base/jdk.internal.reflect.DirectMethodHandleAccessor.invoke(DirectMethodHandleAccessor.java:104) ~[na:na]
	at java.base/java.lang.reflect.Method.invoke(Method.java:565) ~[na:na]
	at org.springframework.boot.devtools.restart.RestartLauncher.run(RestartLauncher.java:52) ~[spring-boot-devtools-4.0.3.jar:4.0.3]
Caused by: java.sql.SQLSyntaxErrorException: Unknown database 'febmla'
	at com.mysql.cj.jdbc.exceptions.SQLError.createSQLException(SQLError.java:112) ~[mysql-connector-j-9.6.0.jar:9.6.0]
	at com.mysql.cj.jdbc.exceptions.SQLExceptionsMapping.translateException(SQLExceptionsMapping.java:114) ~[mysql-connector-j-9.6.0.jar:9.6.0]
	at com.mysql.cj.jdbc.ConnectionImpl.createNewIO(ConnectionImpl.java:840) ~[mysql-connector-j-9.6.0.jar:9.6.0]
	at com.mysql.cj.jdbc.ConnectionImpl.<init>(ConnectionImpl.java:416) ~[mysql-connector-j-9.6.0.jar:9.6.0]
	at com.mysql.cj.jdbc.ConnectionImpl.getInstance(ConnectionImpl.java:237) ~[mysql-connector-j-9.6.0.jar:9.6.0]
	at com.mysql.cj.jdbc.NonRegisteringDriver.connect(NonRegisteringDriver.java:180) ~[mysql-connector-j-9.6.0.jar:9.6.0]
	at com.zaxxer.hikari.util.DriverDataSource.getConnection(DriverDataSource.java:144) ~[HikariCP-7.0.2.jar:na]
	at com.zaxxer.hikari.pool.PoolBase.newConnection(PoolBase.java:373) ~[HikariCP-7.0.2.jar:na]
	at com.zaxxer.hikari.pool.PoolBase.newPoolEntry(PoolBase.java:210) ~[HikariCP-7.0.2.jar:na]
	at com.zaxxer.hikari.pool.HikariPool.createPoolEntry(HikariPool.java:488) ~[HikariCP-7.0.2.jar:na]
	at com.zaxxer.hikari.pool.HikariPool.checkFailFast(HikariPool.java:576) ~[HikariCP-7.0.2.jar:na]
	at com.zaxxer.hikari.pool.HikariPool.<init>(HikariPool.java:97) ~[HikariCP-7.0.2.jar:na]
	at com.zaxxer.hikari.HikariDataSource.getConnection(HikariDataSource.java:111) ~[HikariCP-7.0.2.jar:na]
	at org.hibernate.engine.jdbc.connections.internal.DataSourceConnectionProvider.getConnection(DataSourceConnectionProvider.java:137) ~[hibernate-core-7.2.4.Final.jar:7.2.4.Final]
	at org.hibernate.engine.jdbc.env.internal.JdbcEnvironmentInitiator$ConnectionProviderJdbcConnectionAccess.obtainConnection(JdbcEnvironmentInitiator.java:508) ~[hibernate-core-7.2.4.Final.jar:7.2.4.Final]
	at org.hibernate.resource.transaction.backend.jdbc.internal.JdbcIsolationDelegate.delegateWork(JdbcIsolationDelegate.java:48) ~[hibernate-core-7.2.4.Final.jar:7.2.4.Final]
	... 40 common frames omitted

2026-02-27T15:48:13.831+05:30  WARN 17532 --- [SpringBootRestAPIMySQL] [restartedMain] org.hibernate.orm.deprecation            : HHH90000025: MySQLDialect does not need to be specified explicitly using 'hibernate.dialect' (remove the property setting and it will be selected by default)
2026-02-27T15:48:13.861+05:30  INFO 17532 --- [SpringBootRestAPIMySQL] [restartedMain] org.hibernate.orm.connections.pooling    : HHH10001005: Database info:
	Database JDBC URL [undefined/unknown]
	Database driver: undefined/unknown
	Database dialect: MySQLDialect
	Database version: 8.0
	Default catalog/schema: unknown/unknown
	Autocommit mode: undefined/unknown
	Isolation level: NONE [default NONE]
	JDBC fetch size: undefined/unknown
	Pool: DataSourceConnectionProvider
	Minimum pool size: undefined/unknown
	Maximum pool size: undefined/unknown
2026-02-27T15:48:15.721+05:30  INFO 17532 --- [SpringBootRestAPIMySQL] [restartedMain] org.hibernate.orm.core                   : HHH000489: No JTA platform available (set 'hibernate.transaction.jta.platform' to enable JTA platform integration)
2026-02-27T15:48:15.763+05:30  INFO 17532 --- [SpringBootRestAPIMySQL] [restartedMain] com.zaxxer.hikari.HikariDataSource       : HikariPool-1 - Starting...
2026-02-27T15:48:16.870+05:30  WARN 17532 --- [SpringBootRestAPIMySQL] [restartedMain] org.hibernate.orm.jdbc.error             : HHH000247: ErrorCode: 1049, SQLState: 42000
2026-02-27T15:48:16.870+05:30  WARN 17532 --- [SpringBootRestAPIMySQL] [restartedMain] org.hibernate.orm.jdbc.error             : Unknown database 'febmla'
2026-02-27T15:48:16.875+05:30 ERROR 17532 --- [SpringBootRestAPIMySQL] [restartedMain] j.LocalContainerEntityManagerFactoryBean : Failed to initialize JPA EntityManagerFactory: Unable to build Hibernate SessionFactory  [persistence unit: default] ; nested exception is org.hibernate.exception.SQLGrammarException: Unable to open JDBC Connection for DDL execution [Unknown database 'febmla'] [n/a]
2026-02-27T15:48:16.875+05:30  WARN 17532 --- [SpringBootRestAPIMySQL] [restartedMain] ConfigServletWebServerApplicationContext : Exception encountered during context initialization - cancelling refresh attempt: org.springframework.beans.factory.BeanCreationException: Error creating bean with name 'entityManagerFactory' defined in class path resource [org/springframework/boot/hibernate/autoconfigure/HibernateJpaConfiguration.class]: Unable to build Hibernate SessionFactory  [persistence unit: default] ; nested exception is org.hibernate.exception.SQLGrammarException: Unable to open JDBC Connection for DDL execution [Unknown database 'febmla'] [n/a]
2026-02-27T15:48:16.881+05:30  INFO 17532 --- [SpringBootRestAPIMySQL] [restartedMain] o.apache.catalina.core.StandardService   : Stopping service [Tomcat]
2026-02-27T15:48:16.892+05:30  INFO 17532 --- [SpringBootRestAPIMySQL] [restartedMain] .s.b.a.l.ConditionEvaluationReportLogger : 

Error starting ApplicationContext. To display the condition evaluation report re-run your application with 'debug' enabled.
2026-02-27T15:48:16.956+05:30 ERROR 17532 --- [SpringBootRestAPIMySQL] [restartedMain] o.s.boot.SpringApplication               : Application run failed

org.springframework.beans.factory.BeanCreationException: Error creating bean with name 'entityManagerFactory' defined in class path resource [org/springframework/boot/hibernate/autoconfigure/HibernateJpaConfiguration.class]: Unable to build Hibernate SessionFactory  [persistence unit: default] ; nested exception is org.hibernate.exception.SQLGrammarException: Unable to open JDBC Connection for DDL execution [Unknown database 'febmla'] [n/a]
	at org.springframework.beans.factory.support.AbstractAutowireCapableBeanFactory.initializeBean(AbstractAutowireCapableBeanFactory.java:1817) ~[spring-beans-7.0.5.jar:7.0.5]
	at org.springframework.beans.factory.support.AbstractAutowireCapableBeanFactory.doCreateBean(AbstractAutowireCapableBeanFactory.java:603) ~[spring-beans-7.0.5.jar:7.0.5]
	at org.springframework.beans.factory.support.AbstractAutowireCapableBeanFactory.createBean(AbstractAutowireCapableBeanFactory.java:525) ~[spring-beans-7.0.5.jar:7.0.5]
	at org.springframework.beans.factory.support.AbstractBeanFactory.lambda$doGetBean$0(AbstractBeanFactory.java:333) ~[spring-beans-7.0.5.jar:7.0.5]
	at org.springframework.beans.factory.support.DefaultSingletonBeanRegistry.getSingleton(DefaultSingletonBeanRegistry.java:371) ~[spring-beans-7.0.5.jar:7.0.5]
	at org.springframework.beans.factory.support.AbstractBeanFactory.doGetBean(AbstractBeanFactory.java:331) ~[spring-beans-7.0.5.jar:7.0.5]
	at org.springframework.beans.factory.support.AbstractBeanFactory.getBean(AbstractBeanFactory.java:201) ~[spring-beans-7.0.5.jar:7.0.5]
	at org.springframework.context.support.AbstractApplicationContext.finishBeanFactoryInitialization(AbstractApplicationContext.java:977) ~[spring-context-7.0.5.jar:7.0.5]
	at org.springframework.context.support.AbstractApplicationContext.refresh(AbstractApplicationContext.java:621) ~[spring-context-7.0.5.jar:7.0.5]
	at org.springframework.boot.web.server.servlet.context.ServletWebServerApplicationContext.refresh(ServletWebServerApplicationContext.java:143) ~[spring-boot-web-server-4.0.3.jar:4.0.3]
	at org.springframework.boot.SpringApplication.refresh(SpringApplication.java:756) ~[spring-boot-4.0.3.jar:4.0.3]
	at org.springframework.boot.SpringApplication.refreshContext(SpringApplication.java:445) ~[spring-boot-4.0.3.jar:4.0.3]
	at org.springframework.boot.SpringApplication.run(SpringApplication.java:321) ~[spring-boot-4.0.3.jar:4.0.3]
	at org.springframework.boot.SpringApplication.run(SpringApplication.java:1365) ~[spring-boot-4.0.3.jar:4.0.3]
	at org.springframework.boot.SpringApplication.run(SpringApplication.java:1354) ~[spring-boot-4.0.3.jar:4.0.3]
	at com.test.SpringBootRestApiMySqlApplication.main(SpringBootRestApiMySqlApplication.java:10) ~[classes/:na]
	at java.base/jdk.internal.reflect.DirectMethodHandleAccessor.invoke(DirectMethodHandleAccessor.java:104) ~[na:na]
	at java.base/java.lang.reflect.Method.invoke(Method.java:565) ~[na:na]
	at org.springframework.boot.devtools.restart.RestartLauncher.run(RestartLauncher.java:52) ~[spring-boot-devtools-4.0.3.jar:4.0.3]
Caused by: jakarta.persistence.PersistenceException: Unable to build Hibernate SessionFactory  [persistence unit: default] ; nested exception is org.hibernate.exception.SQLGrammarException: Unable to open JDBC Connection for DDL execution [Unknown database 'febmla'] [n/a]
	at org.springframework.orm.jpa.AbstractEntityManagerFactoryBean.buildNativeEntityManagerFactory(AbstractEntityManagerFactoryBean.java:448) ~[spring-orm-7.0.5.jar:7.0.5]
	at org.springframework.orm.jpa.AbstractEntityManagerFactoryBean.afterPropertiesSet(AbstractEntityManagerFactoryBean.java:411) ~[spring-orm-7.0.5.jar:7.0.5]
	at org.springframework.orm.jpa.LocalContainerEntityManagerFactoryBean.afterPropertiesSet(LocalContainerEntityManagerFactoryBean.java:419) ~[spring-orm-7.0.5.jar:7.0.5]
	at org.springframework.beans.factory.support.AbstractAutowireCapableBeanFactory.invokeInitMethods(AbstractAutowireCapableBeanFactory.java:1864) ~[spring-beans-7.0.5.jar:7.0.5]
	at org.springframework.beans.factory.support.AbstractAutowireCapableBeanFactory.initializeBean(AbstractAutowireCapableBeanFactory.java:1813) ~[spring-beans-7.0.5.jar:7.0.5]
	... 18 common frames omitted
Caused by: org.hibernate.exception.SQLGrammarException: Unable to open JDBC Connection for DDL execution [Unknown database 'febmla'] [n/a]
	at org.hibernate.exception.internal.SQLExceptionTypeDelegate.convert(SQLExceptionTypeDelegate.java:64) ~[hibernate-core-7.2.4.Final.jar:7.2.4.Final]
	at org.hibernate.exception.internal.StandardSQLExceptionConverter.convert(StandardSQLExceptionConverter.java:34) ~[hibernate-core-7.2.4.Final.jar:7.2.4.Final]
	at org.hibernate.engine.jdbc.spi.SqlExceptionHelper.convert(SqlExceptionHelper.java:115) ~[hibernate-core-7.2.4.Final.jar:7.2.4.Final]
	at org.hibernate.engine.jdbc.spi.SqlExceptionHelper.convert(SqlExceptionHelper.java:101) ~[hibernate-core-7.2.4.Final.jar:7.2.4.Final]
	at org.hibernate.resource.transaction.backend.jdbc.internal.DdlTransactionIsolatorNonJtaImpl.getIsolatedConnection(DdlTransactionIsolatorNonJtaImpl.java:71) ~[hibernate-core-7.2.4.Final.jar:7.2.4.Final]
	at org.hibernate.resource.transaction.backend.jdbc.internal.DdlTransactionIsolatorNonJtaImpl.getIsolatedConnection(DdlTransactionIsolatorNonJtaImpl.java:37) ~[hibernate-core-7.2.4.Final.jar:7.2.4.Final]
	at org.hibernate.tool.schema.internal.exec.ImprovedExtractionContextImpl.getJdbcConnection(ImprovedExtractionContextImpl.java:61) ~[hibernate-core-7.2.4.Final.jar:7.2.4.Final]
	at org.hibernate.tool.schema.internal.exec.ImprovedExtractionContextImpl.getJdbcDatabaseMetaData(ImprovedExtractionContextImpl.java:68) ~[hibernate-core-7.2.4.Final.jar:7.2.4.Final]
	at org.hibernate.tool.schema.extract.internal.InformationExtractorJdbcDatabaseMetaDataImpl.getJdbcDatabaseMetaData(InformationExtractorJdbcDatabaseMetaDataImpl.java:38) ~[hibernate-core-7.2.4.Final.jar:7.2.4.Final]
	at org.hibernate.tool.schema.extract.internal.InformationExtractorJdbcDatabaseMetaDataImpl.processTableResultSet(InformationExtractorJdbcDatabaseMetaDataImpl.java:76) ~[hibernate-core-7.2.4.Final.jar:7.2.4.Final]
	at org.hibernate.tool.schema.extract.internal.AbstractInformationExtractorImpl.getTables(AbstractInformationExtractorImpl.java:496) ~[hibernate-core-7.2.4.Final.jar:7.2.4.Final]
	at org.hibernate.tool.schema.extract.internal.DatabaseInformationImpl.getTablesInformation(DatabaseInformationImpl.java:124) ~[hibernate-core-7.2.4.Final.jar:7.2.4.Final]
	at org.hibernate.tool.schema.internal.GroupedSchemaMigratorImpl.performTablesMigration(GroupedSchemaMigratorImpl.java:72) ~[hibernate-core-7.2.4.Final.jar:7.2.4.Final]
	at org.hibernate.tool.schema.internal.AbstractSchemaMigrator.performMigration(AbstractSchemaMigrator.java:220) ~[hibernate-core-7.2.4.Final.jar:7.2.4.Final]
	at org.hibernate.tool.schema.internal.AbstractSchemaMigrator.doMigration(AbstractSchemaMigrator.java:96) ~[hibernate-core-7.2.4.Final.jar:7.2.4.Final]
	at org.hibernate.tool.schema.spi.SchemaManagementToolCoordinator.performDatabaseAction(SchemaManagementToolCoordinator.java:269) ~[hibernate-core-7.2.4.Final.jar:7.2.4.Final]
	at org.hibernate.tool.schema.spi.SchemaManagementToolCoordinator.lambda$process$1(SchemaManagementToolCoordinator.java:101) ~[hibernate-core-7.2.4.Final.jar:7.2.4.Final]
	at java.base/java.util.HashMap.forEach(HashMap.java:1430) ~[na:na]
	at org.hibernate.tool.schema.spi.SchemaManagementToolCoordinator.process(SchemaManagementToolCoordinator.java:100) ~[hibernate-core-7.2.4.Final.jar:7.2.4.Final]
	at org.hibernate.boot.internal.SessionFactoryObserverForSchemaExport.sessionFactoryCreated(SessionFactoryObserverForSchemaExport.java:35) ~[hibernate-core-7.2.4.Final.jar:7.2.4.Final]
	at org.hibernate.internal.SessionFactoryObserverChain.sessionFactoryCreated(SessionFactoryObserverChain.java:33) ~[hibernate-core-7.2.4.Final.jar:7.2.4.Final]
	at org.hibernate.internal.SessionFactoryImpl.<init>(SessionFactoryImpl.java:323) ~[hibernate-core-7.2.4.Final.jar:7.2.4.Final]
	at org.hibernate.internal.SessionFactoryRegistry.instantiateSessionFactory(SessionFactoryRegistry.java:64) ~[hibernate-core-7.2.4.Final.jar:7.2.4.Final]
	at org.hibernate.boot.internal.SessionFactoryBuilderImpl.build(SessionFactoryBuilderImpl.java:437) ~[hibernate-core-7.2.4.Final.jar:7.2.4.Final]
	at org.hibernate.jpa.boot.internal.EntityManagerFactoryBuilderImpl.build(EntityManagerFactoryBuilderImpl.java:1456) ~[hibernate-core-7.2.4.Final.jar:7.2.4.Final]
	at org.springframework.orm.jpa.vendor.SpringHibernateJpaPersistenceProvider.createContainerEntityManagerFactory(SpringHibernateJpaPersistenceProvider.java:93) ~[spring-orm-7.0.5.jar:7.0.5]
	at org.springframework.orm.jpa.LocalContainerEntityManagerFactoryBean.createNativeEntityManagerFactory(LocalContainerEntityManagerFactoryBean.java:443) ~[spring-orm-7.0.5.jar:7.0.5]
	at org.springframework.orm.jpa.AbstractEntityManagerFactoryBean.buildNativeEntityManagerFactory(AbstractEntityManagerFactoryBean.java:436) ~[spring-orm-7.0.5.jar:7.0.5]
	... 22 common frames omitted
Caused by: java.sql.SQLSyntaxErrorException: Unknown database 'febmla'
	at com.mysql.cj.jdbc.exceptions.SQLError.createSQLException(SQLError.java:112) ~[mysql-connector-j-9.6.0.jar:9.6.0]
	at com.mysql.cj.jdbc.exceptions.SQLExceptionsMapping.translateException(SQLExceptionsMapping.java:114) ~[mysql-connector-j-9.6.0.jar:9.6.0]
	at com.mysql.cj.jdbc.ConnectionImpl.createNewIO(ConnectionImpl.java:840) ~[mysql-connector-j-9.6.0.jar:9.6.0]
	at com.mysql.cj.jdbc.ConnectionImpl.<init>(ConnectionImpl.java:416) ~[mysql-connector-j-9.6.0.jar:9.6.0]
	at com.mysql.cj.jdbc.ConnectionImpl.getInstance(ConnectionImpl.java:237) ~[mysql-connector-j-9.6.0.jar:9.6.0]
	at com.mysql.cj.jdbc.NonRegisteringDriver.connect(NonRegisteringDriver.java:180) ~[mysql-connector-j-9.6.0.jar:9.6.0]
	at com.zaxxer.hikari.util.DriverDataSource.getConnection(DriverDataSource.java:144) ~[HikariCP-7.0.2.jar:na]
	at com.zaxxer.hikari.pool.PoolBase.newConnection(PoolBase.java:373) ~[HikariCP-7.0.2.jar:na]
	at com.zaxxer.hikari.pool.PoolBase.newPoolEntry(PoolBase.java:210) ~[HikariCP-7.0.2.jar:na]
	at com.zaxxer.hikari.pool.HikariPool.createPoolEntry(HikariPool.java:488) ~[HikariCP-7.0.2.jar:na]
	at com.zaxxer.hikari.pool.HikariPool.checkFailFast(HikariPool.java:576) ~[HikariCP-7.0.2.jar:na]
	at com.zaxxer.hikari.pool.HikariPool.<init>(HikariPool.java:97) ~[HikariCP-7.0.2.jar:na]
	at com.zaxxer.hikari.HikariDataSource.getConnection(HikariDataSource.java:111) ~[HikariCP-7.0.2.jar:na]
	at org.hibernate.engine.jdbc.connections.internal.DataSourceConnectionProvider.getConnection(DataSourceConnectionProvider.java:137) ~[hibernate-core-7.2.4.Final.jar:7.2.4.Final]
	at org.hibernate.engine.jdbc.env.internal.JdbcEnvironmentInitiator$ConnectionProviderJdbcConnectionAccess.obtainConnection(JdbcEnvironmentInitiator.java:508) ~[hibernate-core-7.2.4.Final.jar:7.2.4.Final]
	at org.hibernate.resource.transaction.backend.jdbc.internal.DdlTransactionIsolatorNonJtaImpl.getIsolatedConnection(DdlTransactionIsolatorNonJtaImpl.java:44) ~[hibernate-core-7.2.4.Final.jar:7.2.4.Final]
	... 45 common frames omitted

2026-02-27T15:48:47.050+05:30  INFO 20904 --- [SpringBootRestAPIMySQL] [restartedMain] c.t.SpringBootRestApiMySqlApplication    : Starting SpringBootRestApiMySqlApplication using Java 25.0.1 with PID 20904 (C:\Users\niteesh.x\Desktop\MLA-Niteesh\SpringBootRestAPIMySQL\target\classes started by niteesh.x in C:\Users\niteesh.x\Desktop\MLA-Niteesh\SpringBootRestAPIMySQL)
2026-02-27T15:48:47.054+05:30  INFO 20904 --- [SpringBootRestAPIMySQL] [restartedMain] c.t.SpringBootRestApiMySqlApplication    : No active profile set, falling back to 1 default profile: "default"
2026-02-27T15:48:47.115+05:30  INFO 20904 --- [SpringBootRestAPIMySQL] [restartedMain] .e.DevToolsPropertyDefaultsPostProcessor : Devtools property defaults active! Set 'spring.devtools.add-properties' to 'false' to disable
2026-02-27T15:48:47.116+05:30  INFO 20904 --- [SpringBootRestAPIMySQL] [restartedMain] .e.DevToolsPropertyDefaultsPostProcessor : For additional web related logging consider setting the 'logging.level.web' property to 'DEBUG'
2026-02-27T15:48:48.376+05:30  INFO 20904 --- [SpringBootRestAPIMySQL] [restartedMain] .s.d.r.c.RepositoryConfigurationDelegate : Bootstrapping Spring Data JPA repositories in DEFAULT mode.
2026-02-27T15:48:48.444+05:30  INFO 20904 --- [SpringBootRestAPIMySQL] [restartedMain] .s.d.r.c.RepositoryConfigurationDelegate : Finished Spring Data repository scanning in 56 ms. Found 1 JPA repository interface.
2026-02-27T15:48:49.107+05:30  INFO 20904 --- [SpringBootRestAPIMySQL] [restartedMain] o.s.boot.tomcat.TomcatWebServer          : Tomcat initialized with port 7766 (http)
2026-02-27T15:48:49.124+05:30  INFO 20904 --- [SpringBootRestAPIMySQL] [restartedMain] o.apache.catalina.core.StandardService   : Starting service [Tomcat]
2026-02-27T15:48:49.125+05:30  INFO 20904 --- [SpringBootRestAPIMySQL] [restartedMain] o.apache.catalina.core.StandardEngine    : Starting Servlet engine: [Apache Tomcat/11.0.18]
2026-02-27T15:48:49.293+05:30  INFO 20904 --- [SpringBootRestAPIMySQL] [restartedMain] b.w.c.s.WebApplicationContextInitializer : Root WebApplicationContext: initialization completed in 2175 ms
2026-02-27T15:48:49.559+05:30  INFO 20904 --- [SpringBootRestAPIMySQL] [restartedMain] org.hibernate.orm.jpa                    : HHH008540: Processing PersistenceUnitInfo [name: default]
2026-02-27T15:48:49.618+05:30  INFO 20904 --- [SpringBootRestAPIMySQL] [restartedMain] org.hibernate.orm.core                   : HHH000001: Hibernate ORM core version 7.2.4.Final
2026-02-27T15:48:50.215+05:30  INFO 20904 --- [SpringBootRestAPIMySQL] [restartedMain] o.s.o.j.p.SpringPersistenceUnitInfo      : No LoadTimeWeaver setup: ignoring JPA class transformer
2026-02-27T15:48:50.250+05:30  INFO 20904 --- [SpringBootRestAPIMySQL] [restartedMain] com.zaxxer.hikari.HikariDataSource       : HikariPool-1 - Starting...
2026-02-27T15:48:51.737+05:30  INFO 20904 --- [SpringBootRestAPIMySQL] [restartedMain] com.zaxxer.hikari.pool.HikariPool        : HikariPool-1 - Added connection com.mysql.cj.jdbc.ConnectionImpl@65dec143
2026-02-27T15:48:51.740+05:30  INFO 20904 --- [SpringBootRestAPIMySQL] [restartedMain] com.zaxxer.hikari.HikariDataSource       : HikariPool-1 - Start completed.
2026-02-27T15:48:51.865+05:30  WARN 20904 --- [SpringBootRestAPIMySQL] [restartedMain] org.hibernate.orm.deprecation            : HHH90000025: MySQLDialect does not need to be specified explicitly using 'hibernate.dialect' (remove the property setting and it will be selected by default)
2026-02-27T15:48:51.884+05:30  INFO 20904 --- [SpringBootRestAPIMySQL] [restartedMain] org.hibernate.orm.connections.pooling    : HHH10001005: Database info:
	Database JDBC URL [jdbc:mysql://localhost:3306/feb_mla]
	Database driver: MySQL Connector/J
	Database dialect: MySQLDialect
	Database version: 8.0.42
	Default catalog/schema: feb_mla/undefined
	Autocommit mode: undefined/unknown
	Isolation level: REPEATABLE_READ [default REPEATABLE_READ]
	JDBC fetch size: none
	Pool: DataSourceConnectionProvider
	Minimum pool size: undefined/unknown
	Maximum pool size: undefined/unknown
2026-02-27T15:48:53.003+05:30  INFO 20904 --- [SpringBootRestAPIMySQL] [restartedMain] org.hibernate.orm.core                   : HHH000489: No JTA platform available (set 'hibernate.transaction.jta.platform' to enable JTA platform integration)
2026-02-27T15:48:53.159+05:30 DEBUG 20904 --- [SpringBootRestAPIMySQL] [restartedMain] org.hibernate.SQL                        : create table employee (id integer not null auto_increment, company varchar(255), name varchar(255), primary key (id)) engine=InnoDB
2026-02-27T15:48:53.303+05:30  INFO 20904 --- [SpringBootRestAPIMySQL] [restartedMain] j.LocalContainerEntityManagerFactoryBean : Initialized JPA EntityManagerFactory for persistence unit 'default'
2026-02-27T15:48:53.469+05:30  INFO 20904 --- [SpringBootRestAPIMySQL] [restartedMain] o.s.d.j.r.query.QueryEnhancerFactories   : Hibernate is in classpath; If applicable, HQL parser will be used.
2026-02-27T15:48:54.086+05:30  WARN 20904 --- [SpringBootRestAPIMySQL] [restartedMain] JpaBaseConfiguration$JpaWebConfiguration : spring.jpa.open-in-view is enabled by default. Therefore, database queries may be performed during view rendering. Explicitly configure spring.jpa.open-in-view to disable this warning
2026-02-27T15:48:55.266+05:30  INFO 20904 --- [SpringBootRestAPIMySQL] [restartedMain] o.s.b.a.e.web.EndpointLinksResolver      : Exposing 13 endpoints beneath base path '/actuator'
2026-02-27T15:48:55.515+05:30  INFO 20904 --- [SpringBootRestAPIMySQL] [restartedMain] o.s.boot.tomcat.TomcatWebServer          : Tomcat started on port 7766 (http) with context path '/'
2026-02-27T15:48:55.525+05:30  INFO 20904 --- [SpringBootRestAPIMySQL] [restartedMain] c.t.SpringBootRestApiMySqlApplication    : Started SpringBootRestApiMySqlApplication in 8.947 seconds (process running for 9.953)
2026-02-27T15:48:55.534+05:30  WARN 20904 --- [SpringBootRestAPIMySQL] [restartedMain] o.s.core.events.SpringDocAppInitializer  : SpringDoc /v3/api-docs endpoint is enabled by default. To disable it in production, set the property 'springdoc.api-docs.enabled=false'
2026-02-27T15:48:55.535+05:30  WARN 20904 --- [SpringBootRestAPIMySQL] [restartedMain] o.s.core.events.SpringDocAppInitializer  : SpringDoc /swagger-ui.html endpoint is enabled by default. To disable it in production, set the property 'springdoc.swagger-ui.enabled=false'
2026-02-27T15:48:56.190+05:30  INFO 20904 --- [SpringBootRestAPIMySQL] [RMI TCP Connection(5)-127.0.0.1] o.a.c.c.C.[Tomcat].[localhost].[/]       : Initializing Spring DispatcherServlet 'dispatcherServlet'
2026-02-27T15:48:56.191+05:30  INFO 20904 --- [SpringBootRestAPIMySQL] [RMI TCP Connection(5)-127.0.0.1] o.s.web.servlet.DispatcherServlet        : Initializing Servlet 'dispatcherServlet'
2026-02-27T15:48:56.194+05:30  INFO 20904 --- [SpringBootRestAPIMySQL] [RMI TCP Connection(5)-127.0.0.1] o.s.web.servlet.DispatcherServlet        : Completed initialization in 3 ms
2026-02-27T15:49:14.705+05:30  INFO 20904 --- [SpringBootRestAPIMySQL] [http-nio-7766-exec-9] o.springdoc.api.AbstractOpenApiResource  : Init duration for springdoc-openapi is: 296 ms
2026-02-27T15:50:15.630+05:30  WARN 20904 --- [SpringBootRestAPIMySQL] [http-nio-7766-exec-3] .w.s.m.s.DefaultHandlerExceptionResolver : Resolved [org.springframework.http.converter.HttpMessageNotReadableException: JSON parse error: Cannot map `null` into type `int` (set DeserializationConfig.DeserializationFeature.FAIL_ON_NULL_FOR_PRIMITIVES to 'false' to allow)]
2026-02-27T15:52:53.554+05:30  INFO 20904 --- [SpringBootRestAPIMySQL] [File Watcher] rtingClassPathChangeChangedEventListener : Restarting due to 1 class path change (0 additions, 0 deletions, 1 modification)
2026-02-27T15:52:53.560+05:30  INFO 20904 --- [SpringBootRestAPIMySQL] [Thread-1] o.s.boot.tomcat.GracefulShutdown         : Commencing graceful shutdown. Waiting for active requests to complete
2026-02-27T15:52:53.565+05:30  INFO 20904 --- [SpringBootRestAPIMySQL] [tomcat-shutdown] o.s.boot.tomcat.GracefulShutdown         : Graceful shutdown complete
2026-02-27T15:52:53.573+05:30  INFO 20904 --- [SpringBootRestAPIMySQL] [Thread-1] j.LocalContainerEntityManagerFactoryBean : Closing JPA EntityManagerFactory for persistence unit 'default'
2026-02-27T15:52:53.577+05:30  INFO 20904 --- [SpringBootRestAPIMySQL] [Thread-1] com.zaxxer.hikari.HikariDataSource       : HikariPool-1 - Shutdown initiated...
2026-02-27T15:52:53.586+05:30  INFO 20904 --- [SpringBootRestAPIMySQL] [Thread-1] com.zaxxer.hikari.HikariDataSource       : HikariPool-1 - Shutdown completed.
2026-02-27T15:52:53.697+05:30  INFO 20904 --- [SpringBootRestAPIMySQL] [restartedMain] c.t.SpringBootRestApiMySqlApplication    : Starting SpringBootRestApiMySqlApplication using Java 25.0.1 with PID 20904 (C:\Users\niteesh.x\Desktop\MLA-Niteesh\SpringBootRestAPIMySQL\target\classes started by niteesh.x in C:\Users\niteesh.x\Desktop\MLA-Niteesh\SpringBootRestAPIMySQL)
2026-02-27T15:52:53.698+05:30  INFO 20904 --- [SpringBootRestAPIMySQL] [restartedMain] c.t.SpringBootRestApiMySqlApplication    : No active profile set, falling back to 1 default profile: "default"
2026-02-27T15:52:54.051+05:30  INFO 20904 --- [SpringBootRestAPIMySQL] [restartedMain] .s.d.r.c.RepositoryConfigurationDelegate : Bootstrapping Spring Data JPA repositories in DEFAULT mode.
2026-02-27T15:52:54.073+05:30  INFO 20904 --- [SpringBootRestAPIMySQL] [restartedMain] .s.d.r.c.RepositoryConfigurationDelegate : Finished Spring Data repository scanning in 19 ms. Found 1 JPA repository interface.
2026-02-27T15:52:54.263+05:30  INFO 20904 --- [SpringBootRestAPIMySQL] [restartedMain] o.s.boot.tomcat.TomcatWebServer          : Tomcat initialized with port 7766 (http)
2026-02-27T15:52:54.265+05:30  INFO 20904 --- [SpringBootRestAPIMySQL] [restartedMain] o.apache.catalina.core.StandardService   : Starting service [Tomcat]
2026-02-27T15:52:54.265+05:30  INFO 20904 --- [SpringBootRestAPIMySQL] [restartedMain] o.apache.catalina.core.StandardEngine    : Starting Servlet engine: [Apache Tomcat/11.0.18]
2026-02-27T15:52:54.395+05:30  INFO 20904 --- [SpringBootRestAPIMySQL] [restartedMain] b.w.c.s.WebApplicationContextInitializer : Root WebApplicationContext: initialization completed in 693 ms
2026-02-27T15:52:54.467+05:30  INFO 20904 --- [SpringBootRestAPIMySQL] [restartedMain] org.hibernate.orm.jpa                    : HHH008540: Processing PersistenceUnitInfo [name: default]
2026-02-27T15:52:54.517+05:30  INFO 20904 --- [SpringBootRestAPIMySQL] [restartedMain] o.s.o.j.p.SpringPersistenceUnitInfo      : No LoadTimeWeaver setup: ignoring JPA class transformer
2026-02-27T15:52:54.520+05:30  INFO 20904 --- [SpringBootRestAPIMySQL] [restartedMain] com.zaxxer.hikari.HikariDataSource       : HikariPool-2 - Starting...
2026-02-27T15:52:54.555+05:30  INFO 20904 --- [SpringBootRestAPIMySQL] [restartedMain] com.zaxxer.hikari.pool.HikariPool        : HikariPool-2 - Added connection com.mysql.cj.jdbc.ConnectionImpl@1ba7a882
2026-02-27T15:52:54.556+05:30  INFO 20904 --- [SpringBootRestAPIMySQL] [restartedMain] com.zaxxer.hikari.HikariDataSource       : HikariPool-2 - Start completed.
2026-02-27T15:52:54.559+05:30  WARN 20904 --- [SpringBootRestAPIMySQL] [restartedMain] org.hibernate.orm.deprecation            : HHH90000025: MySQLDialect does not need to be specified explicitly using 'hibernate.dialect' (remove the property setting and it will be selected by default)
2026-02-27T15:52:54.561+05:30  INFO 20904 --- [SpringBootRestAPIMySQL] [restartedMain] org.hibernate.orm.connections.pooling    : HHH10001005: Database info:
	Database JDBC URL [jdbc:mysql://localhost:3306/feb_mla]
	Database driver: MySQL Connector/J
	Database dialect: MySQLDialect
	Database version: 8.0.42
	Default catalog/schema: feb_mla/undefined
	Autocommit mode: undefined/unknown
	Isolation level: REPEATABLE_READ [default REPEATABLE_READ]
	JDBC fetch size: none
	Pool: DataSourceConnectionProvider
	Minimum pool size: undefined/unknown
	Maximum pool size: undefined/unknown
2026-02-27T15:52:54.613+05:30  INFO 20904 --- [SpringBootRestAPIMySQL] [restartedMain] org.hibernate.orm.core                   : HHH000489: No JTA platform available (set 'hibernate.transaction.jta.platform' to enable JTA platform integration)
2026-02-27T15:52:54.703+05:30  INFO 20904 --- [SpringBootRestAPIMySQL] [restartedMain] j.LocalContainerEntityManagerFactoryBean : Initialized JPA EntityManagerFactory for persistence unit 'default'
2026-02-27T15:52:54.904+05:30  WARN 20904 --- [SpringBootRestAPIMySQL] [restartedMain] JpaBaseConfiguration$JpaWebConfiguration : spring.jpa.open-in-view is enabled by default. Therefore, database queries may be performed during view rendering. Explicitly configure spring.jpa.open-in-view to disable this warning
2026-02-27T15:52:54.939+05:30  WARN 20904 --- [SpringBootRestAPIMySQL] [restartedMain] ConfigServletWebServerApplicationContext : Exception encountered during context initialization - cancelling refresh attempt: org.springframework.beans.factory.UnsatisfiedDependencyException: Error creating bean with name 'requestMappingHandlerMapping' defined in class path resource [org/springframework/boot/webmvc/autoconfigure/WebMvcAutoConfiguration$EnableWebMvcConfiguration.class]: Unsatisfied dependency expressed through method 'requestMappingHandlerMapping' parameter 0: Error creating bean with name 'mvcContentNegotiationManager' defined in class path resource [org/springframework/boot/webmvc/autoconfigure/WebMvcAutoConfiguration$EnableWebMvcConfiguration.class]: Failed to instantiate [org.springframework.web.accept.ContentNegotiationManager]: Factory method 'mvcContentNegotiationManager' threw exception with message: Error creating bean with name 'jacksonJsonHttpMessageConvertersCustomizer' defined in class path resource [org/springframework/boot/http/converter/autoconfigure/JacksonHttpMessageConvertersConfiguration$JacksonJsonHttpMessageConverterConfiguration.class]: Unsatisfied dependency expressed through method 'jacksonJsonHttpMessageConvertersCustomizer' parameter 0: Error creating bean with name 'jacksonJsonMapper' defined in class path resource [org/springframework/boot/jackson/autoconfigure/JacksonAutoConfiguration.class]: Unsatisfied dependency expressed through method 'jacksonJsonMapper' parameter 0: Error creating bean with name 'jsonMapperBuilder' defined in class path resource [org/springframework/boot/jackson/autoconfigure/JacksonAutoConfiguration.class]: Unsatisfied dependency expressed through method 'jsonMapperBuilder' parameter 0: Error creating bean with name 'standardJsonMapperBuilderCustomizer' defined in class path resource [org/springframework/boot/jackson/autoconfigure/JacksonAutoConfiguration$JacksonJsonMapperBuilderCustomizerConfiguration.class]: Unsatisfied dependency expressed through method 'standardJsonMapperBuilderCustomizer' parameter 0: Error creating bean with name 'spring.jackson-org.springframework.boot.jackson.autoconfigure.JacksonProperties': Could not bind properties to 'JacksonProperties' : prefix=spring.jackson, ignoreInvalidFields=false, ignoreUnknownFields=true
2026-02-27T15:52:54.943+05:30  INFO 20904 --- [SpringBootRestAPIMySQL] [restartedMain] j.LocalContainerEntityManagerFactoryBean : Closing JPA EntityManagerFactory for persistence unit 'default'
2026-02-27T15:52:54.945+05:30  INFO 20904 --- [SpringBootRestAPIMySQL] [restartedMain] com.zaxxer.hikari.HikariDataSource       : HikariPool-2 - Shutdown initiated...
2026-02-27T15:52:54.952+05:30  INFO 20904 --- [SpringBootRestAPIMySQL] [restartedMain] com.zaxxer.hikari.HikariDataSource       : HikariPool-2 - Shutdown completed.
2026-02-27T15:52:54.953+05:30  INFO 20904 --- [SpringBootRestAPIMySQL] [restartedMain] o.apache.catalina.core.StandardService   : Stopping service [Tomcat]
2026-02-27T15:52:54.959+05:30  INFO 20904 --- [SpringBootRestAPIMySQL] [restartedMain] .s.b.a.l.ConditionEvaluationReportLogger : 

Error starting ApplicationContext. To display the condition evaluation report re-run your application with 'debug' enabled.
2026-02-27T15:52:54.991+05:30 ERROR 20904 --- [SpringBootRestAPIMySQL] [restartedMain] o.s.b.d.LoggingFailureAnalysisReporter   : 

***************************
APPLICATION FAILED TO START
***************************

Description:

Failed to bind properties under 'spring.jackson.deserialization' to java.util.Map<tools.jackson.databind.DeserializationFeature, java.lang.Boolean>:

    Property: spring.jackson.deserialization
    Value: ""
    Origin: class path resource [application.yml] - 22:21
    Reason: org.springframework.core.convert.ConverterNotFoundException: No converter found capable of converting from type [java.lang.String] to type [java.util.Map<tools.jackson.databind.DeserializationFeature, java.lang.Boolean>]

Action:

Update your application's configuration

2026-02-27T15:53:12.699+05:30  INFO 20904 --- [SpringBootRestAPIMySQL] [restartedMain] c.t.SpringBootRestApiMySqlApplication    : Starting SpringBootRestApiMySqlApplication using Java 25.0.1 with PID 20904 (C:\Users\niteesh.x\Desktop\MLA-Niteesh\SpringBootRestAPIMySQL\target\classes started by niteesh.x in C:\Users\niteesh.x\Desktop\MLA-Niteesh\SpringBootRestAPIMySQL)
2026-02-27T15:53:12.699+05:30  INFO 20904 --- [SpringBootRestAPIMySQL] [restartedMain] c.t.SpringBootRestApiMySqlApplication    : No active profile set, falling back to 1 default profile: "default"
2026-02-27T15:53:13.018+05:30  INFO 20904 --- [SpringBootRestAPIMySQL] [restartedMain] .s.d.r.c.RepositoryConfigurationDelegate : Bootstrapping Spring Data JPA repositories in DEFAULT mode.
2026-02-27T15:53:13.034+05:30  INFO 20904 --- [SpringBootRestAPIMySQL] [restartedMain] .s.d.r.c.RepositoryConfigurationDelegate : Finished Spring Data repository scanning in 13 ms. Found 1 JPA repository interface.
2026-02-27T15:53:13.153+05:30  INFO 20904 --- [SpringBootRestAPIMySQL] [restartedMain] o.s.boot.tomcat.TomcatWebServer          : Tomcat initialized with port 7766 (http)
2026-02-27T15:53:13.155+05:30  INFO 20904 --- [SpringBootRestAPIMySQL] [restartedMain] o.apache.catalina.core.StandardService   : Starting service [Tomcat]
2026-02-27T15:53:13.156+05:30  INFO 20904 --- [SpringBootRestAPIMySQL] [restartedMain] o.apache.catalina.core.StandardEngine    : Starting Servlet engine: [Apache Tomcat/11.0.18]
2026-02-27T15:53:13.227+05:30  INFO 20904 --- [SpringBootRestAPIMySQL] [restartedMain] b.w.c.s.WebApplicationContextInitializer : Root WebApplicationContext: initialization completed in 524 ms
2026-02-27T15:53:13.285+05:30  INFO 20904 --- [SpringBootRestAPIMySQL] [restartedMain] org.hibernate.orm.jpa                    : HHH008540: Processing PersistenceUnitInfo [name: default]
2026-02-27T15:53:13.321+05:30  INFO 20904 --- [SpringBootRestAPIMySQL] [restartedMain] o.s.o.j.p.SpringPersistenceUnitInfo      : No LoadTimeWeaver setup: ignoring JPA class transformer
2026-02-27T15:53:13.322+05:30  INFO 20904 --- [SpringBootRestAPIMySQL] [restartedMain] com.zaxxer.hikari.HikariDataSource       : HikariPool-3 - Starting...
2026-02-27T15:53:13.343+05:30  INFO 20904 --- [SpringBootRestAPIMySQL] [restartedMain] com.zaxxer.hikari.pool.HikariPool        : HikariPool-3 - Added connection com.mysql.cj.jdbc.ConnectionImpl@15390789
2026-02-27T15:53:13.343+05:30  INFO 20904 --- [SpringBootRestAPIMySQL] [restartedMain] com.zaxxer.hikari.HikariDataSource       : HikariPool-3 - Start completed.
2026-02-27T15:53:13.345+05:30  WARN 20904 --- [SpringBootRestAPIMySQL] [restartedMain] org.hibernate.orm.deprecation            : HHH90000025: MySQLDialect does not need to be specified explicitly using 'hibernate.dialect' (remove the property setting and it will be selected by default)
2026-02-27T15:53:13.347+05:30  INFO 20904 --- [SpringBootRestAPIMySQL] [restartedMain] org.hibernate.orm.connections.pooling    : HHH10001005: Database info:
	Database JDBC URL [jdbc:mysql://localhost:3306/feb_mla]
	Database driver: MySQL Connector/J
	Database dialect: MySQLDialect
	Database version: 8.0.42
	Default catalog/schema: feb_mla/undefined
	Autocommit mode: undefined/unknown
	Isolation level: REPEATABLE_READ [default REPEATABLE_READ]
	JDBC fetch size: none
	Pool: DataSourceConnectionProvider
	Minimum pool size: undefined/unknown
	Maximum pool size: undefined/unknown
2026-02-27T15:53:13.387+05:30  INFO 20904 --- [SpringBootRestAPIMySQL] [restartedMain] org.hibernate.orm.core                   : HHH000489: No JTA platform available (set 'hibernate.transaction.jta.platform' to enable JTA platform integration)
2026-02-27T15:53:13.453+05:30  INFO 20904 --- [SpringBootRestAPIMySQL] [restartedMain] j.LocalContainerEntityManagerFactoryBean : Initialized JPA EntityManagerFactory for persistence unit 'default'
2026-02-27T15:53:13.537+05:30  WARN 20904 --- [SpringBootRestAPIMySQL] [restartedMain] JpaBaseConfiguration$JpaWebConfiguration : spring.jpa.open-in-view is enabled by default. Therefore, database queries may be performed during view rendering. Explicitly configure spring.jpa.open-in-view to disable this warning
2026-02-27T15:53:13.812+05:30  INFO 20904 --- [SpringBootRestAPIMySQL] [restartedMain] o.s.b.a.e.web.EndpointLinksResolver      : Exposing 13 endpoints beneath base path '/actuator'
2026-02-27T15:53:13.851+05:30  INFO 20904 --- [SpringBootRestAPIMySQL] [restartedMain] o.s.boot.tomcat.TomcatWebServer          : Tomcat started on port 7766 (http) with context path '/'
2026-02-27T15:53:13.855+05:30  INFO 20904 --- [SpringBootRestAPIMySQL] [restartedMain] c.t.SpringBootRestApiMySqlApplication    : Started SpringBootRestApiMySqlApplication in 1.192 seconds (process running for 268.28)
2026-02-27T15:53:13.857+05:30  WARN 20904 --- [SpringBootRestAPIMySQL] [restartedMain] o.s.core.events.SpringDocAppInitializer  : SpringDoc /v3/api-docs endpoint is enabled by default. To disable it in production, set the property 'springdoc.api-docs.enabled=false'
2026-02-27T15:53:13.858+05:30  WARN 20904 --- [SpringBootRestAPIMySQL] [restartedMain] o.s.core.events.SpringDocAppInitializer  : SpringDoc /swagger-ui.html endpoint is enabled by default. To disable it in production, set the property 'springdoc.swagger-ui.enabled=false'
2026-02-27T15:53:13.860+05:30  INFO 20904 --- [SpringBootRestAPIMySQL] [restartedMain] .ConditionEvaluationDeltaLoggingListener : Condition evaluation unchanged
2026-02-27T15:53:17.248+05:30  INFO 20904 --- [SpringBootRestAPIMySQL] [File Watcher] rtingClassPathChangeChangedEventListener : Restarting due to 1 class path change (0 additions, 0 deletions, 1 modification)
2026-02-27T15:53:17.252+05:30  INFO 20904 --- [SpringBootRestAPIMySQL] [Thread-5] o.s.boot.tomcat.GracefulShutdown         : Commencing graceful shutdown. Waiting for active requests to complete
2026-02-27T15:53:17.259+05:30  INFO 20904 --- [SpringBootRestAPIMySQL] [tomcat-shutdown] o.s.boot.tomcat.GracefulShutdown         : Graceful shutdown complete
2026-02-27T15:53:17.264+05:30  INFO 20904 --- [SpringBootRestAPIMySQL] [Thread-5] j.LocalContainerEntityManagerFactoryBean : Closing JPA EntityManagerFactory for persistence unit 'default'
2026-02-27T15:53:17.265+05:30  INFO 20904 --- [SpringBootRestAPIMySQL] [Thread-5] com.zaxxer.hikari.HikariDataSource       : HikariPool-3 - Shutdown initiated...
2026-02-27T15:53:17.269+05:30  INFO 20904 --- [SpringBootRestAPIMySQL] [Thread-5] com.zaxxer.hikari.HikariDataSource       : HikariPool-3 - Shutdown completed.
2026-02-27T15:53:17.412+05:30  INFO 20904 --- [SpringBootRestAPIMySQL] [restartedMain] c.t.SpringBootRestApiMySqlApplication    : Starting SpringBootRestApiMySqlApplication using Java 25.0.1 with PID 20904 (C:\Users\niteesh.x\Desktop\MLA-Niteesh\SpringBootRestAPIMySQL\target\classes started by niteesh.x in C:\Users\niteesh.x\Desktop\MLA-Niteesh\SpringBootRestAPIMySQL)
2026-02-27T15:53:17.412+05:30  INFO 20904 --- [SpringBootRestAPIMySQL] [restartedMain] c.t.SpringBootRestApiMySqlApplication    : No active profile set, falling back to 1 default profile: "default"
2026-02-27T15:53:17.719+05:30  INFO 20904 --- [SpringBootRestAPIMySQL] [restartedMain] .s.d.r.c.RepositoryConfigurationDelegate : Bootstrapping Spring Data JPA repositories in DEFAULT mode.
2026-02-27T15:53:17.738+05:30  INFO 20904 --- [SpringBootRestAPIMySQL] [restartedMain] .s.d.r.c.RepositoryConfigurationDelegate : Finished Spring Data repository scanning in 16 ms. Found 1 JPA repository interface.
2026-02-27T15:53:17.874+05:30  INFO 20904 --- [SpringBootRestAPIMySQL] [restartedMain] o.s.boot.tomcat.TomcatWebServer          : Tomcat initialized with port 7766 (http)
2026-02-27T15:53:17.877+05:30  INFO 20904 --- [SpringBootRestAPIMySQL] [restartedMain] o.apache.catalina.core.StandardService   : Starting service [Tomcat]
2026-02-27T15:53:17.878+05:30  INFO 20904 --- [SpringBootRestAPIMySQL] [restartedMain] o.apache.catalina.core.StandardEngine    : Starting Servlet engine: [Apache Tomcat/11.0.18]
2026-02-27T15:53:17.962+05:30  INFO 20904 --- [SpringBootRestAPIMySQL] [restartedMain] b.w.c.s.WebApplicationContextInitializer : Root WebApplicationContext: initialization completed in 548 ms
2026-02-27T15:53:18.026+05:30  INFO 20904 --- [SpringBootRestAPIMySQL] [restartedMain] org.hibernate.orm.jpa                    : HHH008540: Processing PersistenceUnitInfo [name: default]
2026-02-27T15:53:18.093+05:30  INFO 20904 --- [SpringBootRestAPIMySQL] [restartedMain] o.s.o.j.p.SpringPersistenceUnitInfo      : No LoadTimeWeaver setup: ignoring JPA class transformer
2026-02-27T15:53:18.094+05:30  INFO 20904 --- [SpringBootRestAPIMySQL] [restartedMain] com.zaxxer.hikari.HikariDataSource       : HikariPool-4 - Starting...
2026-02-27T15:53:18.282+05:30  INFO 20904 --- [SpringBootRestAPIMySQL] [restartedMain] com.zaxxer.hikari.pool.HikariPool        : HikariPool-4 - Added connection com.mysql.cj.jdbc.ConnectionImpl@6ef0b6c1
2026-02-27T15:53:18.283+05:30  INFO 20904 --- [SpringBootRestAPIMySQL] [restartedMain] com.zaxxer.hikari.HikariDataSource       : HikariPool-4 - Start completed.
2026-02-27T15:53:18.285+05:30  WARN 20904 --- [SpringBootRestAPIMySQL] [restartedMain] org.hibernate.orm.deprecation            : HHH90000025: MySQLDialect does not need to be specified explicitly using 'hibernate.dialect' (remove the property setting and it will be selected by default)
2026-02-27T15:53:18.286+05:30  INFO 20904 --- [SpringBootRestAPIMySQL] [restartedMain] org.hibernate.orm.connections.pooling    : HHH10001005: Database info:
	Database JDBC URL [jdbc:mysql://localhost:3306/feb_mla]
	Database driver: MySQL Connector/J
	Database dialect: MySQLDialect
	Database version: 8.0.42
	Default catalog/schema: feb_mla/undefined
	Autocommit mode: undefined/unknown
	Isolation level: REPEATABLE_READ [default REPEATABLE_READ]
	JDBC fetch size: none
	Pool: DataSourceConnectionProvider
	Minimum pool size: undefined/unknown
	Maximum pool size: undefined/unknown
2026-02-27T15:53:18.324+05:30  INFO 20904 --- [SpringBootRestAPIMySQL] [restartedMain] org.hibernate.orm.core                   : HHH000489: No JTA platform available (set 'hibernate.transaction.jta.platform' to enable JTA platform integration)
2026-02-27T15:53:18.334+05:30  INFO 20904 --- [SpringBootRestAPIMySQL] [restartedMain] j.LocalContainerEntityManagerFactoryBean : Initialized JPA EntityManagerFactory for persistence unit 'default'
2026-02-27T15:53:18.418+05:30  WARN 20904 --- [SpringBootRestAPIMySQL] [restartedMain] JpaBaseConfiguration$JpaWebConfiguration : spring.jpa.open-in-view is enabled by default. Therefore, database queries may be performed during view rendering. Explicitly configure spring.jpa.open-in-view to disable this warning
2026-02-27T15:53:18.702+05:30  INFO 20904 --- [SpringBootRestAPIMySQL] [restartedMain] o.s.b.a.e.web.EndpointLinksResolver      : Exposing 13 endpoints beneath base path '/actuator'
2026-02-27T15:53:18.747+05:30  INFO 20904 --- [SpringBootRestAPIMySQL] [restartedMain] o.s.boot.tomcat.TomcatWebServer          : Tomcat started on port 7766 (http) with context path '/'
2026-02-27T15:53:18.751+05:30  INFO 20904 --- [SpringBootRestAPIMySQL] [restartedMain] c.t.SpringBootRestApiMySqlApplication    : Started SpringBootRestApiMySqlApplication in 1.38 seconds (process running for 273.176)
2026-02-27T15:53:18.754+05:30  WARN 20904 --- [SpringBootRestAPIMySQL] [restartedMain] o.s.core.events.SpringDocAppInitializer  : SpringDoc /v3/api-docs endpoint is enabled by default. To disable it in production, set the property 'springdoc.api-docs.enabled=false'
2026-02-27T15:53:18.756+05:30  WARN 20904 --- [SpringBootRestAPIMySQL] [restartedMain] o.s.core.events.SpringDocAppInitializer  : SpringDoc /swagger-ui.html endpoint is enabled by default. To disable it in production, set the property 'springdoc.swagger-ui.enabled=false'
2026-02-27T15:53:18.761+05:30  INFO 20904 --- [SpringBootRestAPIMySQL] [restartedMain] .ConditionEvaluationDeltaLoggingListener : Condition evaluation unchanged
2026-02-27T15:53:23.410+05:30  INFO 20904 --- [SpringBootRestAPIMySQL] [http-nio-7766-exec-1] o.a.c.c.C.[Tomcat-1].[localhost].[/]     : Initializing Spring DispatcherServlet 'dispatcherServlet'
2026-02-27T15:53:23.412+05:30  INFO 20904 --- [SpringBootRestAPIMySQL] [http-nio-7766-exec-1] o.s.web.servlet.DispatcherServlet        : Initializing Servlet 'dispatcherServlet'
2026-02-27T15:53:23.415+05:30  INFO 20904 --- [SpringBootRestAPIMySQL] [http-nio-7766-exec-1] o.s.web.servlet.DispatcherServlet        : Completed initialization in 2 ms
2026-02-27T15:53:23.562+05:30 DEBUG 20904 --- [SpringBootRestAPIMySQL] [http-nio-7766-exec-1] org.hibernate.SQL                        : insert into employee (company,name) values (?,?)
2026-02-27T15:53:44.930+05:30 DEBUG 20904 --- [SpringBootRestAPIMySQL] [http-nio-7766-exec-2] org.hibernate.SQL                        : insert into employee (company,name) values (?,?)
2026-02-27T15:54:49.181+05:30 DEBUG 20904 --- [SpringBootRestAPIMySQL] [http-nio-7766-exec-4] org.hibernate.SQL                        : select e1_0.id,e1_0.company,e1_0.name from employee e1_0 where e1_0.id=?
2026-02-27T15:54:49.210+05:30 DEBUG 20904 --- [SpringBootRestAPIMySQL] [http-nio-7766-exec-4] org.hibernate.SQL                        : update employee set company=?,name=? where id=?
2026-02-27T15:55:07.312+05:30 DEBUG 20904 --- [SpringBootRestAPIMySQL] [http-nio-7766-exec-5] org.hibernate.SQL                        : select e1_0.id,e1_0.company,e1_0.name from employee e1_0
2026-02-27T15:55:19.903+05:30 DEBUG 20904 --- [SpringBootRestAPIMySQL] [http-nio-7766-exec-6] org.hibernate.SQL                        : select e1_0.id,e1_0.company,e1_0.name from employee e1_0 where e1_0.id=?
2026-02-27T15:55:31.564+05:30 DEBUG 20904 --- [SpringBootRestAPIMySQL] [http-nio-7766-exec-7] org.hibernate.SQL                        : select e1_0.id,e1_0.company,e1_0.name from employee e1_0 where e1_0.id=?
2026-02-27T15:55:31.573+05:30 DEBUG 20904 --- [SpringBootRestAPIMySQL] [http-nio-7766-exec-7] org.hibernate.SQL                        : delete from employee where id=?
2026-02-27T15:55:31.630+05:30 DEBUG 20904 --- [SpringBootRestAPIMySQL] [http-nio-7766-exec-7] org.hibernate.SQL                        : select e1_0.id,e1_0.company,e1_0.name from employee e1_0
2026-02-27T15:55:31.637+05:30 DEBUG 20904 --- [SpringBootRestAPIMySQL] [http-nio-7766-exec-7] org.hibernate.SQL                        : select e1_0.id,e1_0.company,e1_0.name from employee e1_0
