2026-02-28T14:54:58.872+05:30  INFO 20176 --- [CustomerRestApi] [restartedMain] com.test.CustomerRestApiApplication      : Starting CustomerRestApiApplication using Java 17.0.15 with PID 20176 (C:\Users\niteesh.x\Desktop\MLA-Niteesh\CustomerRestApi\target\classes started by niteesh.x in C:\Users\niteesh.x\Desktop\MLA-Niteesh\CustomerRestApi)
2026-02-28T14:54:58.877+05:30  INFO 20176 --- [CustomerRestApi] [restartedMain] com.test.CustomerRestApiApplication      : No active profile set, falling back to 1 default profile: "default"
2026-02-28T14:54:58.940+05:30  INFO 20176 --- [CustomerRestApi] [restartedMain] .e.DevToolsPropertyDefaultsPostProcessor : Devtools property defaults active! Set 'spring.devtools.add-properties' to 'false' to disable
2026-02-28T14:54:58.943+05:30  INFO 20176 --- [CustomerRestApi] [restartedMain] .e.DevToolsPropertyDefaultsPostProcessor : For additional web related logging consider setting the 'logging.level.web' property to 'DEBUG'
2026-02-28T14:55:01.990+05:30  INFO 20176 --- [CustomerRestApi] [restartedMain] .s.d.r.c.RepositoryConfigurationDelegate : Bootstrapping Spring Data JPA repositories in DEFAULT mode.
2026-02-28T14:55:02.229+05:30  INFO 20176 --- [CustomerRestApi] [restartedMain] .s.d.r.c.RepositoryConfigurationDelegate : Finished Spring Data repository scanning in 223 ms. Found 1 JPA repository interface.
2026-02-28T14:55:04.415+05:30  INFO 20176 --- [CustomerRestApi] [restartedMain] o.s.boot.tomcat.TomcatWebServer          : Tomcat initialized with port 3737 (http)
2026-02-28T14:55:04.432+05:30  INFO 20176 --- [CustomerRestApi] [restartedMain] o.apache.catalina.core.StandardService   : Starting service [Tomcat]
2026-02-28T14:55:04.432+05:30  INFO 20176 --- [CustomerRestApi] [restartedMain] o.apache.catalina.core.StandardEngine    : Starting Servlet engine: [Apache Tomcat/11.0.18]
2026-02-28T14:55:04.607+05:30  INFO 20176 --- [CustomerRestApi] [restartedMain] b.w.c.s.WebApplicationContextInitializer : Root WebApplicationContext: initialization completed in 5664 ms
2026-02-28T14:55:05.298+05:30  INFO 20176 --- [CustomerRestApi] [restartedMain] org.hibernate.orm.jpa                    : HHH008540: Processing PersistenceUnitInfo [name: default]
2026-02-28T14:55:05.418+05:30  INFO 20176 --- [CustomerRestApi] [restartedMain] org.hibernate.orm.core                   : HHH000001: Hibernate ORM core version 7.2.4.Final
2026-02-28T14:55:06.767+05:30  INFO 20176 --- [CustomerRestApi] [restartedMain] o.s.o.j.p.SpringPersistenceUnitInfo      : No LoadTimeWeaver setup: ignoring JPA class transformer
2026-02-28T14:55:06.839+05:30  INFO 20176 --- [CustomerRestApi] [restartedMain] com.zaxxer.hikari.HikariDataSource       : HikariPool-1 - Starting...
2026-02-28T14:55:07.535+05:30  INFO 20176 --- [CustomerRestApi] [restartedMain] com.zaxxer.hikari.pool.HikariPool        : HikariPool-1 - Added connection com.mysql.cj.jdbc.ConnectionImpl@355ae413
2026-02-28T14:55:07.537+05:30  INFO 20176 --- [CustomerRestApi] [restartedMain] com.zaxxer.hikari.HikariDataSource       : HikariPool-1 - Start completed.
2026-02-28T14:55:07.727+05:30  WARN 20176 --- [CustomerRestApi] [restartedMain] org.hibernate.orm.deprecation            : HHH90000025: MySQLDialect does not need to be specified explicitly using 'hibernate.dialect' (remove the property setting and it will be selected by default)
2026-02-28T14:55:07.760+05:30  INFO 20176 --- [CustomerRestApi] [restartedMain] org.hibernate.orm.connections.pooling    : HHH10001005: Database info:
	Database JDBC URL [jdbc:mysql://localhost:3306/feb_mla]
	Database driver: MySQL Connector/J
	Database dialect: MySQLDialect
	Database version: 8.0.42
	Default catalog/schema: feb_mla/undefined
	Autocommit mode: undefined/unknown
	Isolation level: REPEATABLE_READ [default REPEATABLE_READ]
	JDBC fetch size: none
	Pool: DataSourceConnectionProvider
	Minimum pool size: undefined/unknown
	Maximum pool size: undefined/unknown
2026-02-28T14:55:10.153+05:30  INFO 20176 --- [CustomerRestApi] [restartedMain] org.hibernate.orm.core                   : HHH000489: No JTA platform available (set 'hibernate.transaction.jta.platform' to enable JTA platform integration)
2026-02-28T14:55:10.319+05:30 DEBUG 20176 --- [CustomerRestApi] [restartedMain] org.hibernate.SQL                        : create table customer (id integer not null auto_increment, city varchar(255), email varchar(255), name varchar(255), phone bigint not null, primary key (id)) engine=InnoDB
2026-02-28T14:55:10.457+05:30  INFO 20176 --- [CustomerRestApi] [restartedMain] j.LocalContainerEntityManagerFactoryBean : Initialized JPA EntityManagerFactory for persistence unit 'default'
2026-02-28T14:55:10.675+05:30  INFO 20176 --- [CustomerRestApi] [restartedMain] o.s.d.j.r.query.QueryEnhancerFactories   : Hibernate is in classpath; If applicable, HQL parser will be used.
2026-02-28T14:55:11.653+05:30  WARN 20176 --- [CustomerRestApi] [restartedMain] JpaBaseConfiguration$JpaWebConfiguration : spring.jpa.open-in-view is enabled by default. Therefore, database queries may be performed during view rendering. Explicitly configure spring.jpa.open-in-view to disable this warning
2026-02-28T14:55:13.712+05:30  INFO 20176 --- [CustomerRestApi] [restartedMain] o.s.b.a.e.web.EndpointLinksResolver      : Exposing 13 endpoints beneath base path '/actuator'
2026-02-28T14:55:14.179+05:30  INFO 20176 --- [CustomerRestApi] [restartedMain] o.s.boot.tomcat.TomcatWebServer          : Tomcat started on port 3737 (http) with context path '/'
2026-02-28T14:55:14.190+05:30  INFO 20176 --- [CustomerRestApi] [restartedMain] com.test.CustomerRestApiApplication      : Started CustomerRestApiApplication in 16.778 seconds (process running for 18.9)
2026-02-28T14:55:14.293+05:30  WARN 20176 --- [CustomerRestApi] [restartedMain] o.s.core.events.SpringDocAppInitializer  : SpringDoc /v3/api-docs endpoint is enabled by default. To disable it in production, set the property 'springdoc.api-docs.enabled=false'
2026-02-28T14:55:14.294+05:30  WARN 20176 --- [CustomerRestApi] [restartedMain] o.s.core.events.SpringDocAppInitializer  : SpringDoc /swagger-ui.html endpoint is enabled by default. To disable it in production, set the property 'springdoc.swagger-ui.enabled=false'
2026-02-28T14:55:15.542+05:30  INFO 20176 --- [CustomerRestApi] [RMI TCP Connection(4)-127.0.0.1] o.a.c.c.C.[Tomcat].[localhost].[/]       : Initializing Spring DispatcherServlet 'dispatcherServlet'
2026-02-28T14:55:15.542+05:30  INFO 20176 --- [CustomerRestApi] [RMI TCP Connection(4)-127.0.0.1] o.s.web.servlet.DispatcherServlet        : Initializing Servlet 'dispatcherServlet'
2026-02-28T14:55:15.544+05:30  INFO 20176 --- [CustomerRestApi] [RMI TCP Connection(4)-127.0.0.1] o.s.web.servlet.DispatcherServlet        : Completed initialization in 2 ms
2026-02-28T14:55:56.057+05:30  INFO 20176 --- [CustomerRestApi] [http-nio-3737-exec-8] o.springdoc.api.AbstractOpenApiResource  : Init duration for springdoc-openapi is: 761 ms
2026-02-28T14:56:08.982+05:30 DEBUG 20176 --- [CustomerRestApi] [http-nio-3737-exec-9] org.hibernate.SQL                        : select c1_0.id,c1_0.city,c1_0.email,c1_0.name,c1_0.phone from customer c1_0
2026-02-28T14:56:52.086+05:30 DEBUG 20176 --- [CustomerRestApi] [http-nio-3737-exec-10] org.hibernate.SQL                        : insert into customer (city,email,name,phone) values (?,?,?,?)
2026-02-28T14:57:17.057+05:30 DEBUG 20176 --- [CustomerRestApi] [http-nio-3737-exec-5] org.hibernate.SQL                        : select c1_0.id,c1_0.city,c1_0.email,c1_0.name,c1_0.phone from customer c1_0
2026-02-28T14:59:39.146+05:30 DEBUG 20176 --- [CustomerRestApi] [http-nio-3737-exec-7] org.hibernate.SQL                        : insert into customer (city,email,name,phone) values (?,?,?,?)
2026-02-28T15:04:10.873+05:30  INFO 20176 --- [CustomerRestApi] [File Watcher] rtingClassPathChangeChangedEventListener : Restarting due to 1 class path change (0 additions, 0 deletions, 1 modification)
2026-02-28T15:04:10.879+05:30  INFO 20176 --- [CustomerRestApi] [Thread-1] o.s.boot.tomcat.GracefulShutdown         : Commencing graceful shutdown. Waiting for active requests to complete
2026-02-28T15:04:11.075+05:30  INFO 20176 --- [CustomerRestApi] [tomcat-shutdown] o.s.boot.tomcat.GracefulShutdown         : Graceful shutdown complete
2026-02-28T15:04:11.142+05:30  INFO 20176 --- [CustomerRestApi] [Thread-1] j.LocalContainerEntityManagerFactoryBean : Closing JPA EntityManagerFactory for persistence unit 'default'
2026-02-28T15:04:11.149+05:30  INFO 20176 --- [CustomerRestApi] [Thread-1] com.zaxxer.hikari.HikariDataSource       : HikariPool-1 - Shutdown initiated...
2026-02-28T15:04:11.169+05:30  INFO 20176 --- [CustomerRestApi] [Thread-1] com.zaxxer.hikari.HikariDataSource       : HikariPool-1 - Shutdown completed.
2026-02-28T15:04:11.438+05:30  INFO 20176 --- [CustomerRestApi] [restartedMain] com.test.CustomerRestApiApplication      : Starting CustomerRestApiApplication using Java 17.0.15 with PID 20176 (C:\Users\niteesh.x\Desktop\MLA-Niteesh\CustomerRestApi\target\classes started by niteesh.x in C:\Users\niteesh.x\Desktop\MLA-Niteesh\CustomerRestApi)
2026-02-28T15:04:11.439+05:30  INFO 20176 --- [CustomerRestApi] [restartedMain] com.test.CustomerRestApiApplication      : No active profile set, falling back to 1 default profile: "default"
2026-02-28T15:04:11.690+05:30  INFO 20176 --- [CustomerRestApi] [restartedMain] .s.d.r.c.RepositoryConfigurationDelegate : Bootstrapping Spring Data JPA repositories in DEFAULT mode.
2026-02-28T15:04:11.706+05:30  INFO 20176 --- [CustomerRestApi] [restartedMain] .s.d.r.c.RepositoryConfigurationDelegate : Finished Spring Data repository scanning in 13 ms. Found 1 JPA repository interface.
2026-02-28T15:04:11.822+05:30  INFO 20176 --- [CustomerRestApi] [restartedMain] o.s.boot.tomcat.TomcatWebServer          : Tomcat initialized with port 3737 (http)
2026-02-28T15:04:11.823+05:30  INFO 20176 --- [CustomerRestApi] [restartedMain] o.apache.catalina.core.StandardService   : Starting service [Tomcat]
2026-02-28T15:04:11.823+05:30  INFO 20176 --- [CustomerRestApi] [restartedMain] o.apache.catalina.core.StandardEngine    : Starting Servlet engine: [Apache Tomcat/11.0.18]
2026-02-28T15:04:11.859+05:30  INFO 20176 --- [CustomerRestApi] [restartedMain] b.w.c.s.WebApplicationContextInitializer : Root WebApplicationContext: initialization completed in 417 ms
2026-02-28T15:04:11.919+05:30  INFO 20176 --- [CustomerRestApi] [restartedMain] org.hibernate.orm.jpa                    : HHH008540: Processing PersistenceUnitInfo [name: default]
2026-02-28T15:04:11.971+05:30  INFO 20176 --- [CustomerRestApi] [restartedMain] o.s.o.j.p.SpringPersistenceUnitInfo      : No LoadTimeWeaver setup: ignoring JPA class transformer
2026-02-28T15:04:11.973+05:30  INFO 20176 --- [CustomerRestApi] [restartedMain] com.zaxxer.hikari.HikariDataSource       : HikariPool-2 - Starting...
2026-02-28T15:04:12.053+05:30  INFO 20176 --- [CustomerRestApi] [restartedMain] com.zaxxer.hikari.pool.HikariPool        : HikariPool-2 - Added connection com.mysql.cj.jdbc.ConnectionImpl@68fe66c5
2026-02-28T15:04:12.054+05:30  INFO 20176 --- [CustomerRestApi] [restartedMain] com.zaxxer.hikari.HikariDataSource       : HikariPool-2 - Start completed.
2026-02-28T15:04:12.055+05:30  WARN 20176 --- [CustomerRestApi] [restartedMain] org.hibernate.orm.deprecation            : HHH90000025: MySQLDialect does not need to be specified explicitly using 'hibernate.dialect' (remove the property setting and it will be selected by default)
2026-02-28T15:04:12.057+05:30  INFO 20176 --- [CustomerRestApi] [restartedMain] org.hibernate.orm.connections.pooling    : HHH10001005: Database info:
	Database JDBC URL [jdbc:mysql://localhost:3306/feb_mla]
	Database driver: MySQL Connector/J
	Database dialect: MySQLDialect
	Database version: 8.0.42
	Default catalog/schema: feb_mla/undefined
	Autocommit mode: undefined/unknown
	Isolation level: REPEATABLE_READ [default REPEATABLE_READ]
	JDBC fetch size: none
	Pool: DataSourceConnectionProvider
	Minimum pool size: undefined/unknown
	Maximum pool size: undefined/unknown
2026-02-28T15:04:12.100+05:30  INFO 20176 --- [CustomerRestApi] [restartedMain] org.hibernate.orm.core                   : HHH000489: No JTA platform available (set 'hibernate.transaction.jta.platform' to enable JTA platform integration)
2026-02-28T15:04:12.179+05:30  INFO 20176 --- [CustomerRestApi] [restartedMain] j.LocalContainerEntityManagerFactoryBean : Initialized JPA EntityManagerFactory for persistence unit 'default'
2026-02-28T15:04:12.195+05:30  WARN 20176 --- [CustomerRestApi] [restartedMain] ConfigServletWebServerApplicationContext : Exception encountered during context initialization - cancelling refresh attempt: org.springframework.beans.factory.BeanCreationException: Error creating bean with name 'customerController' defined in file [C:\Users\niteesh.x\Desktop\MLA-Niteesh\CustomerRestApi\target\classes\com\test\controller\CustomerController.class]: Failed to instantiate [com.test.controller.CustomerController]: Constructor threw exception
2026-02-28T15:04:12.196+05:30  INFO 20176 --- [CustomerRestApi] [restartedMain] j.LocalContainerEntityManagerFactoryBean : Closing JPA EntityManagerFactory for persistence unit 'default'
2026-02-28T15:04:12.196+05:30  INFO 20176 --- [CustomerRestApi] [restartedMain] com.zaxxer.hikari.HikariDataSource       : HikariPool-2 - Shutdown initiated...
2026-02-28T15:04:12.286+05:30  INFO 20176 --- [CustomerRestApi] [restartedMain] com.zaxxer.hikari.HikariDataSource       : HikariPool-2 - Shutdown completed.
2026-02-28T15:04:12.287+05:30  INFO 20176 --- [CustomerRestApi] [restartedMain] o.apache.catalina.core.StandardService   : Stopping service [Tomcat]
2026-02-28T15:04:12.294+05:30  INFO 20176 --- [CustomerRestApi] [restartedMain] .s.b.a.l.ConditionEvaluationReportLogger : 

Error starting ApplicationContext. To display the condition evaluation report re-run your application with 'debug' enabled.
2026-02-28T15:04:12.503+05:30 ERROR 20176 --- [CustomerRestApi] [restartedMain] o.s.boot.SpringApplication               : Application run failed

org.springframework.beans.factory.BeanCreationException: Error creating bean with name 'customerController' defined in file [C:\Users\niteesh.x\Desktop\MLA-Niteesh\CustomerRestApi\target\classes\com\test\controller\CustomerController.class]: Failed to instantiate [com.test.controller.CustomerController]: Constructor threw exception
	at org.springframework.beans.factory.support.AbstractAutowireCapableBeanFactory.instantiateBean(AbstractAutowireCapableBeanFactory.java:1344) ~[spring-beans-7.0.5.jar:7.0.5]
	at org.springframework.beans.factory.support.AbstractAutowireCapableBeanFactory.createBeanInstance(AbstractAutowireCapableBeanFactory.java:1231) ~[spring-beans-7.0.5.jar:7.0.5]
	at org.springframework.beans.factory.support.AbstractAutowireCapableBeanFactory.doCreateBean(AbstractAutowireCapableBeanFactory.java:565) ~[spring-beans-7.0.5.jar:7.0.5]
	at org.springframework.beans.factory.support.AbstractAutowireCapableBeanFactory.createBean(AbstractAutowireCapableBeanFactory.java:525) ~[spring-beans-7.0.5.jar:7.0.5]
	at org.springframework.beans.factory.support.AbstractBeanFactory.lambda$doGetBean$0(AbstractBeanFactory.java:333) ~[spring-beans-7.0.5.jar:7.0.5]
	at org.springframework.beans.factory.support.DefaultSingletonBeanRegistry.getSingleton(DefaultSingletonBeanRegistry.java:371) ~[spring-beans-7.0.5.jar:7.0.5]
	at org.springframework.beans.factory.support.AbstractBeanFactory.doGetBean(AbstractBeanFactory.java:331) ~[spring-beans-7.0.5.jar:7.0.5]
	at org.springframework.beans.factory.support.AbstractBeanFactory.getBean(AbstractBeanFactory.java:196) ~[spring-beans-7.0.5.jar:7.0.5]
	at org.springframework.beans.factory.support.DefaultListableBeanFactory.instantiateSingleton(DefaultListableBeanFactory.java:1218) ~[spring-beans-7.0.5.jar:7.0.5]
	at org.springframework.beans.factory.support.DefaultListableBeanFactory.preInstantiateSingleton(DefaultListableBeanFactory.java:1184) ~[spring-beans-7.0.5.jar:7.0.5]
	at org.springframework.beans.factory.support.DefaultListableBeanFactory.preInstantiateSingletons(DefaultListableBeanFactory.java:1121) ~[spring-beans-7.0.5.jar:7.0.5]
	at org.springframework.context.support.AbstractApplicationContext.finishBeanFactoryInitialization(AbstractApplicationContext.java:994) ~[spring-context-7.0.5.jar:7.0.5]
	at org.springframework.context.support.AbstractApplicationContext.refresh(AbstractApplicationContext.java:621) ~[spring-context-7.0.5.jar:7.0.5]
	at org.springframework.boot.web.server.servlet.context.ServletWebServerApplicationContext.refresh(ServletWebServerApplicationContext.java:143) ~[spring-boot-web-server-4.0.3.jar:4.0.3]
	at org.springframework.boot.SpringApplication.refresh(SpringApplication.java:756) ~[spring-boot-4.0.3.jar:4.0.3]
	at org.springframework.boot.SpringApplication.refreshContext(SpringApplication.java:445) ~[spring-boot-4.0.3.jar:4.0.3]
	at org.springframework.boot.SpringApplication.run(SpringApplication.java:321) ~[spring-boot-4.0.3.jar:4.0.3]
	at org.springframework.boot.SpringApplication.run(SpringApplication.java:1365) ~[spring-boot-4.0.3.jar:4.0.3]
	at org.springframework.boot.SpringApplication.run(SpringApplication.java:1354) ~[spring-boot-4.0.3.jar:4.0.3]
	at com.test.CustomerRestApiApplication.main(CustomerRestApiApplication.java:10) ~[classes/:na]
	at java.base/jdk.internal.reflect.NativeMethodAccessorImpl.invoke0(Native Method) ~[na:na]
	at java.base/jdk.internal.reflect.NativeMethodAccessorImpl.invoke(NativeMethodAccessorImpl.java:77) ~[na:na]
	at java.base/jdk.internal.reflect.DelegatingMethodAccessorImpl.invoke(DelegatingMethodAccessorImpl.java:43) ~[na:na]
	at java.base/java.lang.reflect.Method.invoke(Method.java:569) ~[na:na]
	at org.springframework.boot.devtools.restart.RestartLauncher.run(RestartLauncher.java:52) ~[spring-boot-devtools-4.0.3.jar:4.0.3]
Caused by: org.springframework.beans.BeanInstantiationException: Failed to instantiate [com.test.controller.CustomerController]: Constructor threw exception
	at org.springframework.beans.BeanUtils.instantiateClass(BeanUtils.java:220) ~[spring-beans-7.0.5.jar:7.0.5]
	at org.springframework.beans.factory.support.SimpleInstantiationStrategy.instantiate(SimpleInstantiationStrategy.java:106) ~[spring-beans-7.0.5.jar:7.0.5]
	at org.springframework.beans.factory.support.AbstractAutowireCapableBeanFactory.instantiateBean(AbstractAutowireCapableBeanFactory.java:1338) ~[spring-beans-7.0.5.jar:7.0.5]
	... 24 common frames omitted
Caused by: java.lang.Error: Unresolved compilation problem: 
	Syntax error, insert ")" to complete Modifier

	at com.test.controller.CustomerController.<init>(CustomerController.java:25) ~[classes/:na]
	at java.base/jdk.internal.reflect.NativeConstructorAccessorImpl.newInstance0(Native Method) ~[na:na]
	at java.base/jdk.internal.reflect.NativeConstructorAccessorImpl.newInstance(NativeConstructorAccessorImpl.java:77) ~[na:na]
	at java.base/jdk.internal.reflect.DelegatingConstructorAccessorImpl.newInstance(DelegatingConstructorAccessorImpl.java:45) ~[na:na]
	at java.base/java.lang.reflect.Constructor.newInstanceWithCaller(Constructor.java:500) ~[na:na]
	at java.base/java.lang.reflect.Constructor.newInstance(Constructor.java:481) ~[na:na]
	at org.springframework.beans.BeanUtils.instantiateClass(BeanUtils.java:194) ~[spring-beans-7.0.5.jar:7.0.5]
	... 26 common frames omitted

2026-02-28T15:04:14.016+05:30  INFO 20176 --- [CustomerRestApi] [restartedMain] com.test.CustomerRestApiApplication      : Starting CustomerRestApiApplication using Java 17.0.15 with PID 20176 (C:\Users\niteesh.x\Desktop\MLA-Niteesh\CustomerRestApi\target\classes started by niteesh.x in C:\Users\niteesh.x\Desktop\MLA-Niteesh\CustomerRestApi)
2026-02-28T15:04:14.016+05:30  INFO 20176 --- [CustomerRestApi] [restartedMain] com.test.CustomerRestApiApplication      : No active profile set, falling back to 1 default profile: "default"
2026-02-28T15:04:14.330+05:30  INFO 20176 --- [CustomerRestApi] [restartedMain] .s.d.r.c.RepositoryConfigurationDelegate : Bootstrapping Spring Data JPA repositories in DEFAULT mode.
2026-02-28T15:04:14.348+05:30  INFO 20176 --- [CustomerRestApi] [restartedMain] .s.d.r.c.RepositoryConfigurationDelegate : Finished Spring Data repository scanning in 16 ms. Found 1 JPA repository interface.
2026-02-28T15:04:14.493+05:30  INFO 20176 --- [CustomerRestApi] [restartedMain] o.s.boot.tomcat.TomcatWebServer          : Tomcat initialized with port 3737 (http)
2026-02-28T15:04:14.495+05:30  INFO 20176 --- [CustomerRestApi] [restartedMain] o.apache.catalina.core.StandardService   : Starting service [Tomcat]
2026-02-28T15:04:14.495+05:30  INFO 20176 --- [CustomerRestApi] [restartedMain] o.apache.catalina.core.StandardEngine    : Starting Servlet engine: [Apache Tomcat/11.0.18]
2026-02-28T15:04:14.669+05:30  INFO 20176 --- [CustomerRestApi] [restartedMain] b.w.c.s.WebApplicationContextInitializer : Root WebApplicationContext: initialization completed in 649 ms
2026-02-28T15:04:14.749+05:30  INFO 20176 --- [CustomerRestApi] [restartedMain] org.hibernate.orm.jpa                    : HHH008540: Processing PersistenceUnitInfo [name: default]
2026-02-28T15:04:14.782+05:30  INFO 20176 --- [CustomerRestApi] [restartedMain] o.s.o.j.p.SpringPersistenceUnitInfo      : No LoadTimeWeaver setup: ignoring JPA class transformer
2026-02-28T15:04:14.783+05:30  INFO 20176 --- [CustomerRestApi] [restartedMain] com.zaxxer.hikari.HikariDataSource       : HikariPool-3 - Starting...
2026-02-28T15:04:14.801+05:30  INFO 20176 --- [CustomerRestApi] [restartedMain] com.zaxxer.hikari.pool.HikariPool        : HikariPool-3 - Added connection com.mysql.cj.jdbc.ConnectionImpl@600c2aa
2026-02-28T15:04:14.802+05:30  INFO 20176 --- [CustomerRestApi] [restartedMain] com.zaxxer.hikari.HikariDataSource       : HikariPool-3 - Start completed.
2026-02-28T15:04:14.805+05:30  WARN 20176 --- [CustomerRestApi] [restartedMain] org.hibernate.orm.deprecation            : HHH90000025: MySQLDialect does not need to be specified explicitly using 'hibernate.dialect' (remove the property setting and it will be selected by default)
2026-02-28T15:04:14.806+05:30  INFO 20176 --- [CustomerRestApi] [restartedMain] org.hibernate.orm.connections.pooling    : HHH10001005: Database info:
	Database JDBC URL [jdbc:mysql://localhost:3306/feb_mla]
	Database driver: MySQL Connector/J
	Database dialect: MySQLDialect
	Database version: 8.0.42
	Default catalog/schema: feb_mla/undefined
	Autocommit mode: undefined/unknown
	Isolation level: REPEATABLE_READ [default REPEATABLE_READ]
	JDBC fetch size: none
	Pool: DataSourceConnectionProvider
	Minimum pool size: undefined/unknown
	Maximum pool size: undefined/unknown
2026-02-28T15:04:14.843+05:30  INFO 20176 --- [CustomerRestApi] [restartedMain] org.hibernate.orm.core                   : HHH000489: No JTA platform available (set 'hibernate.transaction.jta.platform' to enable JTA platform integration)
2026-02-28T15:04:14.884+05:30  INFO 20176 --- [CustomerRestApi] [restartedMain] j.LocalContainerEntityManagerFactoryBean : Initialized JPA EntityManagerFactory for persistence unit 'default'
2026-02-28T15:04:14.957+05:30  WARN 20176 --- [CustomerRestApi] [restartedMain] JpaBaseConfiguration$JpaWebConfiguration : spring.jpa.open-in-view is enabled by default. Therefore, database queries may be performed during view rendering. Explicitly configure spring.jpa.open-in-view to disable this warning
2026-02-28T15:04:15.135+05:30  INFO 20176 --- [CustomerRestApi] [restartedMain] o.s.b.a.e.web.EndpointLinksResolver      : Exposing 13 endpoints beneath base path '/actuator'
2026-02-28T15:04:15.172+05:30  INFO 20176 --- [CustomerRestApi] [restartedMain] o.s.boot.tomcat.TomcatWebServer          : Tomcat started on port 3737 (http) with context path '/'
2026-02-28T15:04:15.177+05:30  INFO 20176 --- [CustomerRestApi] [restartedMain] com.test.CustomerRestApiApplication      : Started CustomerRestApiApplication in 1.197 seconds (process running for 559.88)
2026-02-28T15:04:15.178+05:30  WARN 20176 --- [CustomerRestApi] [restartedMain] o.s.core.events.SpringDocAppInitializer  : SpringDoc /v3/api-docs endpoint is enabled by default. To disable it in production, set the property 'springdoc.api-docs.enabled=false'
2026-02-28T15:04:15.178+05:30  WARN 20176 --- [CustomerRestApi] [restartedMain] o.s.core.events.SpringDocAppInitializer  : SpringDoc /swagger-ui.html endpoint is enabled by default. To disable it in production, set the property 'springdoc.swagger-ui.enabled=false'
2026-02-28T15:04:15.180+05:30  INFO 20176 --- [CustomerRestApi] [restartedMain] .ConditionEvaluationDeltaLoggingListener : Condition evaluation unchanged
2026-02-28T15:04:18.617+05:30  INFO 20176 --- [CustomerRestApi] [File Watcher] rtingClassPathChangeChangedEventListener : Restarting due to 1 class path change (0 additions, 0 deletions, 1 modification)
2026-02-28T15:04:18.620+05:30  INFO 20176 --- [CustomerRestApi] [Thread-5] o.s.boot.tomcat.GracefulShutdown         : Commencing graceful shutdown. Waiting for active requests to complete
2026-02-28T15:04:18.795+05:30  INFO 20176 --- [CustomerRestApi] [tomcat-shutdown] o.s.boot.tomcat.GracefulShutdown         : Graceful shutdown complete
2026-02-28T15:04:18.798+05:30  INFO 20176 --- [CustomerRestApi] [Thread-5] j.LocalContainerEntityManagerFactoryBean : Closing JPA EntityManagerFactory for persistence unit 'default'
2026-02-28T15:04:18.799+05:30  INFO 20176 --- [CustomerRestApi] [Thread-5] com.zaxxer.hikari.HikariDataSource       : HikariPool-3 - Shutdown initiated...
2026-02-28T15:04:18.803+05:30  INFO 20176 --- [CustomerRestApi] [Thread-5] com.zaxxer.hikari.HikariDataSource       : HikariPool-3 - Shutdown completed.
2026-02-28T15:04:18.912+05:30  INFO 20176 --- [CustomerRestApi] [restartedMain] com.test.CustomerRestApiApplication      : Starting CustomerRestApiApplication using Java 17.0.15 with PID 20176 (C:\Users\niteesh.x\Desktop\MLA-Niteesh\CustomerRestApi\target\classes started by niteesh.x in C:\Users\niteesh.x\Desktop\MLA-Niteesh\CustomerRestApi)
2026-02-28T15:04:18.912+05:30  INFO 20176 --- [CustomerRestApi] [restartedMain] com.test.CustomerRestApiApplication      : No active profile set, falling back to 1 default profile: "default"
2026-02-28T15:04:19.193+05:30  INFO 20176 --- [CustomerRestApi] [restartedMain] .s.d.r.c.RepositoryConfigurationDelegate : Bootstrapping Spring Data JPA repositories in DEFAULT mode.
2026-02-28T15:04:19.207+05:30  INFO 20176 --- [CustomerRestApi] [restartedMain] .s.d.r.c.RepositoryConfigurationDelegate : Finished Spring Data repository scanning in 11 ms. Found 1 JPA repository interface.
2026-02-28T15:04:19.322+05:30  INFO 20176 --- [CustomerRestApi] [restartedMain] o.s.boot.tomcat.TomcatWebServer          : Tomcat initialized with port 3737 (http)
2026-02-28T15:04:19.323+05:30  INFO 20176 --- [CustomerRestApi] [restartedMain] o.apache.catalina.core.StandardService   : Starting service [Tomcat]
2026-02-28T15:04:19.323+05:30  INFO 20176 --- [CustomerRestApi] [restartedMain] o.apache.catalina.core.StandardEngine    : Starting Servlet engine: [Apache Tomcat/11.0.18]
2026-02-28T15:04:19.399+05:30  INFO 20176 --- [CustomerRestApi] [restartedMain] b.w.c.s.WebApplicationContextInitializer : Root WebApplicationContext: initialization completed in 485 ms
2026-02-28T15:04:19.452+05:30  INFO 20176 --- [CustomerRestApi] [restartedMain] org.hibernate.orm.jpa                    : HHH008540: Processing PersistenceUnitInfo [name: default]
2026-02-28T15:04:19.485+05:30  INFO 20176 --- [CustomerRestApi] [restartedMain] o.s.o.j.p.SpringPersistenceUnitInfo      : No LoadTimeWeaver setup: ignoring JPA class transformer
2026-02-28T15:04:19.486+05:30  INFO 20176 --- [CustomerRestApi] [restartedMain] com.zaxxer.hikari.HikariDataSource       : HikariPool-4 - Starting...
2026-02-28T15:04:19.503+05:30  INFO 20176 --- [CustomerRestApi] [restartedMain] com.zaxxer.hikari.pool.HikariPool        : HikariPool-4 - Added connection com.mysql.cj.jdbc.ConnectionImpl@72977761
2026-02-28T15:04:19.504+05:30  INFO 20176 --- [CustomerRestApi] [restartedMain] com.zaxxer.hikari.HikariDataSource       : HikariPool-4 - Start completed.
2026-02-28T15:04:19.506+05:30  WARN 20176 --- [CustomerRestApi] [restartedMain] org.hibernate.orm.deprecation            : HHH90000025: MySQLDialect does not need to be specified explicitly using 'hibernate.dialect' (remove the property setting and it will be selected by default)
2026-02-28T15:04:19.510+05:30  INFO 20176 --- [CustomerRestApi] [restartedMain] org.hibernate.orm.connections.pooling    : HHH10001005: Database info:
	Database JDBC URL [jdbc:mysql://localhost:3306/feb_mla]
	Database driver: MySQL Connector/J
	Database dialect: MySQLDialect
	Database version: 8.0.42
	Default catalog/schema: feb_mla/undefined
	Autocommit mode: undefined/unknown
	Isolation level: REPEATABLE_READ [default REPEATABLE_READ]
	JDBC fetch size: none
	Pool: DataSourceConnectionProvider
	Minimum pool size: undefined/unknown
	Maximum pool size: undefined/unknown
2026-02-28T15:04:19.554+05:30  INFO 20176 --- [CustomerRestApi] [restartedMain] org.hibernate.orm.core                   : HHH000489: No JTA platform available (set 'hibernate.transaction.jta.platform' to enable JTA platform integration)
2026-02-28T15:04:19.654+05:30  INFO 20176 --- [CustomerRestApi] [restartedMain] j.LocalContainerEntityManagerFactoryBean : Initialized JPA EntityManagerFactory for persistence unit 'default'
2026-02-28T15:04:19.757+05:30  WARN 20176 --- [CustomerRestApi] [restartedMain] JpaBaseConfiguration$JpaWebConfiguration : spring.jpa.open-in-view is enabled by default. Therefore, database queries may be performed during view rendering. Explicitly configure spring.jpa.open-in-view to disable this warning
2026-02-28T15:04:20.050+05:30  INFO 20176 --- [CustomerRestApi] [restartedMain] o.s.b.a.e.web.EndpointLinksResolver      : Exposing 13 endpoints beneath base path '/actuator'
2026-02-28T15:04:20.092+05:30  INFO 20176 --- [CustomerRestApi] [restartedMain] o.s.boot.tomcat.TomcatWebServer          : Tomcat started on port 3737 (http) with context path '/'
2026-02-28T15:04:20.096+05:30  INFO 20176 --- [CustomerRestApi] [restartedMain] com.test.CustomerRestApiApplication      : Started CustomerRestApiApplication in 1.215 seconds (process running for 564.8)
2026-02-28T15:04:20.098+05:30  WARN 20176 --- [CustomerRestApi] [restartedMain] o.s.core.events.SpringDocAppInitializer  : SpringDoc /v3/api-docs endpoint is enabled by default. To disable it in production, set the property 'springdoc.api-docs.enabled=false'
2026-02-28T15:04:20.098+05:30  WARN 20176 --- [CustomerRestApi] [restartedMain] o.s.core.events.SpringDocAppInitializer  : SpringDoc /swagger-ui.html endpoint is enabled by default. To disable it in production, set the property 'springdoc.swagger-ui.enabled=false'
2026-02-28T15:04:20.099+05:30  INFO 20176 --- [CustomerRestApi] [restartedMain] .ConditionEvaluationDeltaLoggingListener : Condition evaluation unchanged
2026-02-28T15:04:25.650+05:30  INFO 20176 --- [CustomerRestApi] [File Watcher] rtingClassPathChangeChangedEventListener : Restarting due to 1 class path change (0 additions, 0 deletions, 1 modification)
2026-02-28T15:04:25.652+05:30  INFO 20176 --- [CustomerRestApi] [Thread-12] o.s.boot.tomcat.GracefulShutdown         : Commencing graceful shutdown. Waiting for active requests to complete
2026-02-28T15:04:25.808+05:30  INFO 20176 --- [CustomerRestApi] [tomcat-shutdown] o.s.boot.tomcat.GracefulShutdown         : Graceful shutdown complete
2026-02-28T15:04:25.811+05:30  INFO 20176 --- [CustomerRestApi] [Thread-12] j.LocalContainerEntityManagerFactoryBean : Closing JPA EntityManagerFactory for persistence unit 'default'
2026-02-28T15:04:25.812+05:30  INFO 20176 --- [CustomerRestApi] [Thread-12] com.zaxxer.hikari.HikariDataSource       : HikariPool-4 - Shutdown initiated...
2026-02-28T15:04:25.817+05:30  INFO 20176 --- [CustomerRestApi] [Thread-12] com.zaxxer.hikari.HikariDataSource       : HikariPool-4 - Shutdown completed.
